T502C 000:000.571   SEGGER J-Link V8.12f Log File
T502C 000:000.688   DLL Compiled: Feb 12 2025 13:34:40
T502C 000:000.694   Logging started @ 2025-07-07 02:08
T502C 000:000.699   Process: C:\Users\¹ØÈñ\.eclipse\com.renesas.platform_45489336\DebugComp\RA\e2-server-gdb.exe
T502C 000:000.710 - 0.704ms 
T502C 000:000.723 JLINK_GetDLLVersion()
T502C 000:000.728 - 0.006ms returns 81206
T502C 000:003.431 JLINK_OpenEx(...)
T502C 000:012.334   Firmware: J-Link OB-S124 compiled Apr  1 2025 10:13:40
T502C 000:013.833   Firmware: J-Link OB-S124 compiled Apr  1 2025 10:13:40
T502C 000:037.144   Hardware: V1.00
T502C 000:037.165   S/N: 831437894
T502C 000:037.175   OEM: SEGGER
T502C 000:037.189   Feature(s): None
T502C 000:038.827   Bootloader: 2019 Oct 15
T502C 000:040.062   USB speed mode: Full speed (12 MBit/s)
T502C 000:040.911   TELNET listener socket opened on port 19021
T502C 000:041.176   WEBSRV WEBSRV_Init(): Starting webserver thread(s)
T502C 000:041.362   WEBSRV Webserver running on local port 19080
T502C 000:041.625   Looking for J-Link GUI Server exe at: C:\Users\¹ØÈñ\.eclipse\com.renesas.platform_45489336\DebugComp\RA\ARM\Segger_v8.12.6\JLinkGUIServer.exe
T502C 000:041.816   Looking for J-Link GUI Server exe at: E:\JlinKRTT\JLink_V840\JLinkGUIServer.exe
T502C 000:041.834   Forking J-Link GUI Server: E:\JlinKRTT\JLink_V840\JLinkGUIServer.exe
T502C 000:110.929   J-Link GUI Server info: "J-Link GUI server V8.40 "
T502C 000:114.422 - 110.987ms returns "O.K."
T502C 000:114.557 JLINK_ExecCommand("ProjectFile=E:\RAresaPROJECT\RA6\EE\AT/AT Debug_Flat.jlink", ...). 
T502C 000:130.502 - 15.953ms returns 0x00
T502C 000:130.849 JLINK_ExecCommand("device=R7FA6M5BH", ...). 
T502C 000:131.646   Flash bank @ 0x0100A100: SFL: Parsing sectorization info from ELF file
T502C 000:131.661     FlashDevice.SectorInfo[0]: .SectorSize = 0x00000010, .SectorStartAddr = 0x00000000
T502C 000:131.669   FlashBank @0x0100A100: Sectorization info from SFL ELF file ignored because sectorization override from DLL / XML file is active.
T502C 000:132.068   Flash bank @ 0x60000000: SFL: Parsing sectorization info from ELF file
T502C 000:132.080     FlashDevice.SectorInfo[0]: .SectorSize = 0x00010000, .SectorStartAddr = 0x00000000
T502C 000:134.398   Device "R7FA6M5BH" selected.
T502C 000:134.765 - 3.901ms returns 0x00
T502C 000:134.781 JLINK_TIF_GetAvailable(...)
T502C 000:135.291 - 0.510ms 
T502C 000:135.310 JLINK_TIF_Select(JLINKARM_TIF_SWD)
T502C 000:137.006 - 1.695ms returns 0x00
T502C 000:137.023 JLINK_SetSpeed(4000)
T502C 000:137.380 - 0.359ms 
T502C 000:137.406 JLINK_ReadMem(0xE000EDF0, 0x4 Bytes, ...)
T502C 000:137.898   ConfigTargetSettings() start
T502C 000:137.911    J-Link Script File: Executing ConfigTargetSettings()
T502C 000:137.921   Configuring FlashDLNoRMWThreshold=0x200 in order to make sure that option bytes programming is done via read-modify-write
T502C 000:158.283   ConfigTargetSettings() end - Took 20.3ms
T502C 000:158.301   InitTarget() start
T502C 000:158.309    J-Link Script File: Executing InitTarget()
T502C 000:158.315   SWD selected. Executing JTAG -> SWD switching sequence.
T502C 000:162.474   DAP initialized successfully.
T502C 000:162.499   Determining TrustZone configuration...
T502C 000:165.734     Secure Debug: Enabled (SSD)
T502C 000:165.760   Determining currently configured transfer type by reading the AHB-AP CSW register.
T502C 000:167.780     --> Correct transfer type configured. Done.
T502C 000:167.813   InitTarget() end - Took 9.50ms
T502C 000:169.094   Found SW-DP with ID 0x6BA02477
T502C 000:174.318   DPIDR: 0x6BA02477
T502C 000:174.339   CoreSight SoC-400 or earlier
T502C 000:174.356   Scanning AP map to find all available APs
T502C 000:176.580   AP[2]: Stopped AP scan as end of AP map has been reached
T502C 000:176.597   AP[0]: AHB-AP (IDR: 0x84770001, ADDR: 0x00000000)
T502C 000:176.605   AP[1]: APB-AP (IDR: 0x54770002, ADDR: 0x01000000)
T502C 000:176.615   Iterating through AP map to find AHB-AP to use
T502C 000:178.509   AP[0]: Core found
T502C 000:178.528   AP[0]: AHB-AP ROM base: 0xE00FE000
T502C 000:179.520   CPUID register: 0x410FD214. Implementer code: 0x41 (ARM)
T502C 000:179.540   Feature set: Mainline
T502C 000:180.495   Cache: No cache
T502C 000:180.513   Found Cortex-M33 r0p4, Little endian.
T502C 000:181.493   -- Max. mem block: 0x000019E0
T502C 000:183.611   CPU_ReadMem(4 bytes @ 0xE000EDF0)
T502C 000:184.760   CPU_WriteMem(4 bytes @ 0xE000EDF0)
T502C 000:185.630   CPU_ReadMem(4 bytes @ 0xE0002000)
T502C 000:186.462   FPUnit: 8 code (BP) slots and 0 literal slots
T502C 000:186.479   CPU_ReadMem(4 bytes @ 0xE000EDFC)
T502C 000:187.221   CPU_WriteMem(4 bytes @ 0xE000EDFC)
T502C 000:188.035   CPU_ReadMem(4 bytes @ 0xE0001000)
T502C 000:188.839   CPU_ReadMem(4 bytes @ 0xE0001000)
T502C 000:189.584   CPU_ReadMem(4 bytes @ 0xE0001028)
T502C 000:190.335   CPU_ReadMem(4 bytes @ 0xE0001038)
T502C 000:191.064   CPU_ReadMem(4 bytes @ 0xE0001048)
T502C 000:191.840   CPU_ReadMem(4 bytes @ 0xE0001058)
T502C 000:192.579   CPU_WriteMem(4 bytes @ 0xE0001000)
T502C 000:193.378   CPU_ReadMem(4 bytes @ 0xE000ED88)
T502C 000:194.228   CPU_WriteMem(4 bytes @ 0xE000ED88)
T502C 000:194.987   CPU_ReadMem(4 bytes @ 0xE000ED88)
T502C 000:195.738   CPU_WriteMem(4 bytes @ 0xE000ED88)
T502C 000:196.503   CPU_ReadMem(4 bytes @ 0xE000EFB8)
T502C 000:197.340   Security extension: implemented
T502C 000:197.355   Secure debug: enabled
T502C 000:197.363   CoreSight components:
T502C 000:197.371   ROMTbl[0] @ E00FE000
T502C 000:197.380   CPU_ReadMem(64 bytes @ 0xE00FE000)
T502C 000:198.985   CPU_ReadMem(32 bytes @ 0xE0044FE0)
T502C 000:200.080   CPU_ReadMem(4 bytes @ 0xE0044FBC)
T502C 000:200.830   CPU_ReadMem(4 bytes @ 0xE0044FCC)
T502C 000:201.567   [0][0]: E0044000 CID B105900D PID 005BB906 DEVARCH 00000000 DEVTYPE 14 CTI (?)
T502C 000:201.589   CPU_ReadMem(32 bytes @ 0xE0047FE0)
T502C 000:202.770   CPU_ReadMem(4 bytes @ 0xE0047FBC)
T502C 000:203.688   CPU_ReadMem(4 bytes @ 0xE0047FCC)
T502C 000:204.640   [0][1]: E0047000 CID B105900D PID 003BB908 DEVARCH 00000000 DEVTYPE 12 CSTF
T502C 000:204.661   CPU_ReadMem(32 bytes @ 0xE0048FE0)
T502C 000:205.812   CPU_ReadMem(4 bytes @ 0xE0048FBC)
T502C 000:206.565   CPU_ReadMem(4 bytes @ 0xE0048FCC)
T502C 000:207.332   [0][2]: E0048000 CID B105900D PID 001BB961 DEVARCH 00000000 DEVTYPE 21 TMC
T502C 000:207.347   CPU_ReadMem(32 bytes @ 0xE0049FE0)
T502C 000:208.433   [0][3]: E0049000 CID B105F00D PID 001BB101 TSG
T502C 000:208.453   CPU_ReadMem(32 bytes @ 0xE0040FE0)
T502C 000:209.584   CPU_ReadMem(4 bytes @ 0xE0040FBC)
T502C 000:210.337   CPU_ReadMem(4 bytes @ 0xE0040FCC)
T502C 000:211.077   [0][4]: E0040000 CID B105900D PID 000BBD21 DEVARCH 00000000 DEVTYPE 11 TPIU
T502C 000:211.095   CPU_ReadMem(32 bytes @ 0xE00FFFE0)
T502C 000:212.192   [0][5]: E00FF000 CID B105100D PID 000BB4C9 ROM Table
T502C 000:212.206   ROMTbl[1] @ E00FF000
T502C 000:212.214   CPU_ReadMem(64 bytes @ 0xE00FF000)
T502C 000:213.738   CPU_ReadMem(32 bytes @ 0xE000EFE0)
T502C 000:214.940   CPU_ReadMem(4 bytes @ 0xE000EFBC)
T502C 000:215.731   CPU_ReadMem(4 bytes @ 0xE000EFCC)
T502C 000:216.429   [1][0]: E000E000 CID B105900D PID 000BBD21 DEVARCH 47702A04 DEVTYPE 00 Cortex-M33
T502C 000:216.443   CPU_ReadMem(32 bytes @ 0xE0001FE0)
T502C 000:217.571   CPU_ReadMem(4 bytes @ 0xE0001FBC)
T502C 000:218.341   CPU_ReadMem(4 bytes @ 0xE0001FCC)
T502C 000:219.079   [1][1]: E0001000 CID B105900D PID 000BBD21 DEVARCH 47701A02 DEVTYPE 00 DWT
T502C 000:219.108   CPU_ReadMem(32 bytes @ 0xE0002FE0)
T502C 000:220.335   CPU_ReadMem(4 bytes @ 0xE0002FBC)
T502C 000:221.087   CPU_ReadMem(4 bytes @ 0xE0002FCC)
T502C 000:221.830   [1][2]: E0002000 CID B105900D PID 000BBD21 DEVARCH 47701A03 DEVTYPE 00 FPB
T502C 000:221.848   CPU_ReadMem(32 bytes @ 0xE0000FE0)
T502C 000:222.943   CPU_ReadMem(4 bytes @ 0xE0000FBC)
T502C 000:223.738   CPU_ReadMem(4 bytes @ 0xE0000FCC)
T502C 000:224.452   [1][3]: E0000000 CID B105900D PID 000BBD21 DEVARCH 47701A01 DEVTYPE 43 ITM
T502C 000:224.466   CPU_ReadMem(32 bytes @ 0xE0041FE0)
T502C 000:225.562   CPU_ReadMem(4 bytes @ 0xE0041FBC)
T502C 000:226.339   CPU_ReadMem(4 bytes @ 0xE0041FCC)
T502C 000:227.078   [1][5]: E0041000 CID B105900D PID 002BBD21 DEVARCH 47724A13 DEVTYPE 13 ETM
T502C 000:227.099   CPU_ReadMem(32 bytes @ 0xE0042FE0)
T502C 000:228.192   CPU_ReadMem(4 bytes @ 0xE0042FBC)
T502C 000:228.981   CPU_ReadMem(4 bytes @ 0xE0042FCC)
T502C 000:229.836   [1][6]: E0042000 CID B105900D PID 000BBD21 DEVARCH 47701A14 DEVTYPE 14 CSS600-CTI
T502C 000:229.891   CPU_ReadMem(4 bytes @ 0xE000EDF0)
T502C 000:230.737   Data:  01 00 10 01
T502C 000:230.751   Debug reg: DHCSR
T502C 000:230.759 - 93.352ms returns 0
T502C 000:230.785 JLINK_ReadMem(0x400E002C, 0x4 Bytes, ...)
T502C 000:230.793   CPU_ReadMem(4 bytes @ 0x400E002C)
T502C 000:231.573   Data:  02 00 00 00
T502C 000:231.590 - 0.805ms returns 0
T502C 000:231.665 JLINK_ReadMem(0xE000EDF0, 0x4 Bytes, ...)
T502C 000:231.676   CPU_ReadMem(4 bytes @ 0xE000EDF0)
T502C 000:232.455   Data:  01 00 10 01
T502C 000:232.471   Debug reg: DHCSR
T502C 000:232.482 - 0.816ms returns 0
T502C 000:232.521 JLINK_ReadMem(0xE000EDF0, 0x4 Bytes, ...)
T502C 000:232.532   CPU_ReadMem(4 bytes @ 0xE000EDF0)
T502C 000:233.339   Data:  01 00 10 01
T502C 000:233.353   Debug reg: DHCSR
T502C 000:233.360 - 0.839ms returns 0
T502C 000:233.371 JLINK_ReadMem(0x400E001C, 0x4 Bytes, ...)
T502C 000:233.380   CPU_ReadMem(4 bytes @ 0x400E001C)
T502C 000:234.057   Data:  00 2C 00 00
T502C 000:234.071 - 0.700ms returns 0
T502C 000:234.086 JLINK_ReadMem(0xE000EDF0, 0x4 Bytes, ...)
T502C 000:234.094   CPU_ReadMem(4 bytes @ 0xE000EDF0)
T502C 000:234.843   Data:  01 00 10 01
T502C 000:234.857   Debug reg: DHCSR
T502C 000:234.865 - 0.778ms returns 0
T502C 000:234.875 JLINK_ReadMem(0x400E0018, 0x4 Bytes, ...)
T502C 000:234.883   CPU_ReadMem(4 bytes @ 0x400E0018)
T502C 000:235.725   Data:  00 80 00 00
T502C 000:235.738 - 0.863ms returns 0
T502C 000:235.753 JLINK_ReadMem(0xE000EDF0, 0x4 Bytes, ...)
T502C 000:235.763   CPU_ReadMem(4 bytes @ 0xE000EDF0)
T502C 000:236.573   Data:  01 00 10 01
T502C 000:236.586   Debug reg: DHCSR
T502C 000:236.594 - 0.840ms returns 0
T502C 000:236.603 JLINK_ReadMem(0x400E0020, 0x4 Bytes, ...)
T502C 000:236.611   CPU_ReadMem(4 bytes @ 0x400E0020)
T502C 000:237.397   Data:  00 00 00 00
T502C 000:237.417 - 0.814ms returns 0
T502C 000:237.435 JLINK_ReadMem(0xE000EDF0, 0x4 Bytes, ...)
T502C 000:237.448   CPU_ReadMem(4 bytes @ 0xE000EDF0)
T502C 000:238.202   Data:  01 00 10 01
T502C 000:238.213   Debug reg: DHCSR
T502C 000:238.221 - 0.786ms returns 0
T502C 000:238.231 JLINK_ReadMem(0x400E0028, 0x4 Bytes, ...)
T502C 000:238.238   CPU_ReadMem(4 bytes @ 0x400E0028)
T502C 000:238.953   Data:  00 08 00 00
T502C 000:238.973 - 0.742ms returns 0
T502C 000:238.991 JLINK_ReadMem(0xE000EDF0, 0x4 Bytes, ...)
T502C 000:239.003   CPU_ReadMem(4 bytes @ 0xE000EDF0)
T502C 000:239.828   Data:  01 00 10 01
T502C 000:239.847   Debug reg: DHCSR
T502C 000:239.859 - 0.867ms returns 0
T502C 000:239.873 JLINK_ReadMem(0x400E0024, 0x4 Bytes, ...)
T502C 000:239.885   CPU_ReadMem(4 bytes @ 0x400E0024)
T502C 000:240.735   Data:  00 20 00 00
T502C 000:240.750 - 0.877ms returns 0
T502C 000:240.768 JLINK_ReadMem(0xE000EDF0, 0x4 Bytes, ...)
T502C 000:240.780   CPU_ReadMem(4 bytes @ 0xE000EDF0)
T502C 000:241.578   Data:  01 00 10 01
T502C 000:241.595   Debug reg: DHCSR
T502C 000:241.605 - 0.837ms returns 0
T502C 000:241.618 JLINK_ReadMem(0x400E002C, 0x4 Bytes, ...)
T502C 000:241.628   CPU_ReadMem(4 bytes @ 0x400E002C)
T502C 000:242.464   Data:  02 00 00 00
T502C 000:242.478 - 0.860ms returns 0
T502C 000:242.490 JLINK_ReadMem(0xE000EDF0, 0x4 Bytes, ...)
T502C 000:242.498   CPU_ReadMem(4 bytes @ 0xE000EDF0)
T502C 000:243.218   Data:  01 00 10 01
T502C 000:243.231   Debug reg: DHCSR
T502C 000:243.239 - 0.749ms returns 0
T502C 000:243.249 JLINK_ReadMem(0x400E002C, 0x4 Bytes, ...)
T502C 000:243.257   CPU_ReadMem(4 bytes @ 0x400E002C)
T502C 000:244.063   Data:  02 00 00 00
T502C 000:244.078 - 0.828ms returns 0
T502C 000:244.157 JLINK_ReadMem(0xE000EDF0, 0x4 Bytes, ...)
T502C 000:244.170   CPU_ReadMem(4 bytes @ 0xE000EDF0)
T502C 000:244.952   Data:  01 00 10 01
T502C 000:244.966   Debug reg: DHCSR
T502C 000:244.974 - 0.817ms returns 0
T502C 000:244.984 JLINK_ReadMem(0x400E002C, 0x4 Bytes, ...)
T502C 000:244.992   CPU_ReadMem(4 bytes @ 0x400E002C)
T502C 000:245.840   Data:  02 00 00 00
T502C 000:245.859 - 0.875ms returns 0
T502C 000:245.879 JLINK_ReadMem(0xE000EDF0, 0x4 Bytes, ...)
T502C 000:245.891   CPU_ReadMem(4 bytes @ 0xE000EDF0)
T502C 000:246.732   Data:  01 00 10 01
T502C 000:246.746   Debug reg: DHCSR
T502C 000:246.754 - 0.875ms returns 0
T502C 000:246.764 JLINK_ReadMem(0x400E001C, 0x4 Bytes, ...)
T502C 000:246.772   CPU_ReadMem(4 bytes @ 0x400E001C)
T502C 000:247.573   Data:  00 2C 00 00
T502C 000:247.585 - 0.821ms returns 0
T502C 000:247.598 JLINK_ReadMem(0xE000EDF0, 0x4 Bytes, ...)
T502C 000:247.607   CPU_ReadMem(4 bytes @ 0xE000EDF0)
T502C 000:248.335   Data:  01 00 10 01
T502C 000:248.345   Debug reg: DHCSR
T502C 000:248.355 - 0.757ms returns 0
T502C 000:248.366 JLINK_ReadMem(0x400E0018, 0x4 Bytes, ...)
T502C 000:248.374   CPU_ReadMem(4 bytes @ 0x400E0018)
T502C 000:249.159   Data:  00 80 00 00
T502C 000:249.176 - 0.809ms returns 0
T502C 000:249.191 JLINK_ReadMem(0xE000EDF0, 0x4 Bytes, ...)
T502C 000:249.201   CPU_ReadMem(4 bytes @ 0xE000EDF0)
T502C 000:249.958   Data:  01 00 10 01
T502C 000:249.976   Debug reg: DHCSR
T502C 000:249.988 - 0.797ms returns 0
T502C 000:250.003 JLINK_ReadMem(0x400E0020, 0x4 Bytes, ...)
T502C 000:250.014   CPU_ReadMem(4 bytes @ 0x400E0020)
T502C 000:250.826   Data:  00 00 00 00
T502C 000:250.840 - 0.837ms returns 0
T502C 000:250.853 JLINK_ReadMem(0xE000EDF0, 0x4 Bytes, ...)
T502C 000:250.861   CPU_ReadMem(4 bytes @ 0xE000EDF0)
T502C 000:251.575   Data:  01 00 10 01
T502C 000:251.589   Debug reg: DHCSR
T502C 000:251.597 - 0.744ms returns 0
T502C 000:251.607 JLINK_ReadMem(0x400E0028, 0x4 Bytes, ...)
T502C 000:251.616   CPU_ReadMem(4 bytes @ 0x400E0028)
T502C 000:252.332   Data:  00 08 00 00
T502C 000:252.346 - 0.738ms returns 0
T502C 000:252.358 JLINK_ReadMem(0xE000EDF0, 0x4 Bytes, ...)
T502C 000:252.366   CPU_ReadMem(4 bytes @ 0xE000EDF0)
T502C 000:253.150   Data:  01 00 10 01
T502C 000:253.169   Debug reg: DHCSR
T502C 000:253.181 - 0.822ms returns 0
T502C 000:253.196 JLINK_ReadMem(0x400E0024, 0x4 Bytes, ...)
T502C 000:253.208   CPU_ReadMem(4 bytes @ 0x400E0024)
T502C 000:253.965   Data:  00 20 00 00
T502C 000:253.978 - 0.782ms returns 0
T502C 000:254.145 JLINK_TIF_GetAvailable(...)
T502C 000:254.720 - 0.574ms 
T502C 000:254.741 JLINK_TIF_Select(JLINKARM_TIF_SWD)
T502C 000:254.749 - 0.008ms returns 0x00
T502C 000:254.760 JLINK_SetSpeed(4000)
T502C 000:255.043 - 0.282ms 
T502C 000:255.059 JLINK_SetEndian(ARM_ENDIAN_LITTLE)
T502C 000:255.064 - 0.005ms returns 0
T502C 000:255.077 JLINK_SetInitRegsOnReset(OFF)
T502C 000:255.082 - 0.010ms returns 1
T502C 000:255.090 JLINK_SetResetType(JLINKARM_CM3_RESET_TYPE_CONNECT_UNDER_RESET)
T502C 000:255.096 - 0.005ms returns JLINKARM_CM3_RESET_TYPE_NORMAL
T502C 000:255.104 JLINK_ExecCommand("EnableFlashBPs", ...). 
T502C 000:255.115 - 0.002ms returns 0x00
T502C 000:255.122 JLINK_ExecCommand("SetAllowFlashCache = 1", ...). 
T502C 000:255.130 - 0.000ms returns 0x01
T502C 000:255.138 JLINK_ExecCommand("SetRestartOnClose = 0", ...). 
T502C 000:255.146 - 0.001ms returns 0x01
T502C 000:255.153 JLINK_ExecCommand("SetAllowSimulation = 0", ...). 
T502C 000:255.163 - 0.002ms returns 0x00
T502C 000:255.170 JLINK_EnableSoftBPs(ON)
T502C 000:255.175 - 0.005ms 
T502C 000:255.183 JLINK_Connect()
T502C 000:255.618   ConfigTargetSettings() start
T502C 000:255.633    J-Link Script File: Executing ConfigTargetSettings()
T502C 000:255.640   Configuring FlashDLNoRMWThreshold=0x200 in order to make sure that option bytes programming is done via read-modify-write
T502C 000:264.659   ConfigTargetSettings() end - Took 9.02ms
T502C 000:264.679   InitTarget() start
T502C 000:264.689    J-Link Script File: Executing InitTarget()
T502C 000:264.697   SWD selected. Executing JTAG -> SWD switching sequence.
T502C 000:268.848   DAP initialized successfully.
T502C 000:268.868   Determining TrustZone configuration...
T502C 000:271.508     Secure Debug: Enabled (SSD)
T502C 000:271.548   Determining currently configured transfer type by reading the AHB-AP CSW register.
T502C 000:273.630     --> Correct transfer type configured. Done.
T502C 000:273.650   InitTarget() end - Took 8.96ms
T502C 000:274.978   Found SW-DP with ID 0x6BA02477
T502C 000:279.917   DPIDR: 0x6BA02477
T502C 000:279.941   CoreSight SoC-400 or earlier
T502C 000:279.952   AP map detection skipped. Manually configured AP map found.
T502C 000:279.963   AP[0]: AHB-AP (IDR: Not set, ADDR: 0x00000000)
T502C 000:281.864   AP[0]: Core found
T502C 000:281.882   AP[0]: AHB-AP ROM base: 0xE00FE000
T502C 000:282.928   CPUID register: 0x410FD214. Implementer code: 0x41 (ARM)
T502C 000:282.948   Feature set: Mainline
T502C 000:283.883   Cache: No cache
T502C 000:283.905   Found Cortex-M33 r0p4, Little endian.
T502C 000:284.381   -- Max. mem block: 0x00001770
T502C 000:284.402   CPU_ReadMem(4 bytes @ 0xE000EDF0)
T502C 000:285.203   CPU_ReadMem(4 bytes @ 0xE0002000)
T502C 000:285.984   FPUnit: 8 code (BP) slots and 0 literal slots
T502C 000:285.999   CPU_ReadMem(4 bytes @ 0xE000EDFC)
T502C 000:286.729   CPU_ReadMem(4 bytes @ 0xE0001000)
T502C 000:287.459   CPU_ReadMem(4 bytes @ 0xE0001000)
T502C 000:288.198   CPU_ReadMem(4 bytes @ 0xE0001028)
T502C 000:288.958   CPU_ReadMem(4 bytes @ 0xE0001038)
T502C 000:289.726   CPU_ReadMem(4 bytes @ 0xE0001048)
T502C 000:290.447   CPU_ReadMem(4 bytes @ 0xE0001058)
T502C 000:291.227   CPU_WriteMem(4 bytes @ 0xE0001000)
T502C 000:292.007   CPU_ReadMem(4 bytes @ 0xE000ED88)
T502C 000:292.834   CPU_WriteMem(4 bytes @ 0xE000ED88)
T502C 000:293.609   CPU_ReadMem(4 bytes @ 0xE000ED88)
T502C 000:294.334   CPU_WriteMem(4 bytes @ 0xE000ED88)
T502C 000:295.116   CPU_ReadMem(4 bytes @ 0xE000EFB8)
T502C 000:295.826   Security extension: implemented
T502C 000:295.840   Secure debug: enabled
T502C 000:295.848   CoreSight components:
T502C 000:295.856   ROMTbl[0] @ E00FE000
T502C 000:295.865   CPU_ReadMem(64 bytes @ 0xE00FE000)
T502C 000:297.356   CPU_ReadMem(32 bytes @ 0xE0044FE0)
T502C 000:298.476   CPU_ReadMem(4 bytes @ 0xE0044FBC)
T502C 000:299.217   CPU_ReadMem(4 bytes @ 0xE0044FCC)
T502C 000:299.998   [0][0]: E0044000 CID B105900D PID 005BB906 DEVARCH 00000000 DEVTYPE 14 CTI (?)
T502C 000:300.019   CPU_ReadMem(32 bytes @ 0xE0047FE0)
T502C 000:301.174   CPU_ReadMem(4 bytes @ 0xE0047FBC)
T502C 000:301.977   CPU_ReadMem(4 bytes @ 0xE0047FCC)
T502C 000:302.726   [0][1]: E0047000 CID B105900D PID 003BB908 DEVARCH 00000000 DEVTYPE 12 CSTF
T502C 000:302.740   CPU_ReadMem(32 bytes @ 0xE0048FE0)
T502C 000:303.814   CPU_ReadMem(4 bytes @ 0xE0048FBC)
T502C 000:304.573   CPU_ReadMem(4 bytes @ 0xE0048FCC)
T502C 000:305.334   [0][2]: E0048000 CID B105900D PID 001BB961 DEVARCH 00000000 DEVTYPE 21 TMC
T502C 000:305.349   CPU_ReadMem(32 bytes @ 0xE0049FE0)
T502C 000:306.423   [0][3]: E0049000 CID B105F00D PID 001BB101 TSG
T502C 000:306.439   CPU_ReadMem(32 bytes @ 0xE0040FE0)
T502C 000:307.565   CPU_ReadMem(4 bytes @ 0xE0040FBC)
T502C 000:308.336   CPU_ReadMem(4 bytes @ 0xE0040FCC)
T502C 000:309.081   [0][4]: E0040000 CID B105900D PID 000BBD21 DEVARCH 00000000 DEVTYPE 11 TPIU
T502C 000:309.091   CPU_ReadMem(32 bytes @ 0xE00FFFE0)
T502C 000:310.175   [0][5]: E00FF000 CID B105100D PID 000BB4C9 ROM Table
T502C 000:310.192   ROMTbl[1] @ E00FF000
T502C 000:310.203   CPU_ReadMem(64 bytes @ 0xE00FF000)
T502C 000:311.723   CPU_ReadMem(32 bytes @ 0xE000EFE0)
T502C 000:312.834   CPU_ReadMem(4 bytes @ 0xE000EFBC)
T502C 000:313.561   CPU_ReadMem(4 bytes @ 0xE000EFCC)
T502C 000:314.344   [1][0]: E000E000 CID B105900D PID 000BBD21 DEVARCH 47702A04 DEVTYPE 00 Cortex-M33
T502C 000:314.358   CPU_ReadMem(32 bytes @ 0xE0001FE0)
T502C 000:315.433   CPU_ReadMem(4 bytes @ 0xE0001FBC)
T502C 000:316.236   CPU_ReadMem(4 bytes @ 0xE0001FCC)
T502C 000:317.084   [1][1]: E0001000 CID B105900D PID 000BBD21 DEVARCH 47701A02 DEVTYPE 00 DWT
T502C 000:317.108   CPU_ReadMem(32 bytes @ 0xE0002FE0)
T502C 000:318.322   CPU_ReadMem(4 bytes @ 0xE0002FBC)
T502C 000:319.095   CPU_ReadMem(4 bytes @ 0xE0002FCC)
T502C 000:319.829   [1][2]: E0002000 CID B105900D PID 000BBD21 DEVARCH 47701A03 DEVTYPE 00 FPB
T502C 000:319.844   CPU_ReadMem(32 bytes @ 0xE0000FE0)
T502C 000:320.957   CPU_ReadMem(4 bytes @ 0xE0000FBC)
T502C 000:321.785   CPU_ReadMem(4 bytes @ 0xE0000FCC)
T502C 000:322.565   [1][3]: E0000000 CID B105900D PID 000BBD21 DEVARCH 47701A01 DEVTYPE 43 ITM
T502C 000:322.585   CPU_ReadMem(32 bytes @ 0xE0041FE0)
T502C 000:323.759   CPU_ReadMem(4 bytes @ 0xE0041FBC)
T502C 000:324.561   CPU_ReadMem(4 bytes @ 0xE0041FCC)
T502C 000:325.330   [1][5]: E0041000 CID B105900D PID 002BBD21 DEVARCH 47724A13 DEVTYPE 13 ETM
T502C 000:325.345   CPU_ReadMem(32 bytes @ 0xE0042FE0)
T502C 000:326.538   CPU_ReadMem(4 bytes @ 0xE0042FBC)
T502C 000:327.313   CPU_ReadMem(4 bytes @ 0xE0042FCC)
T502C 000:328.080   [1][6]: E0042000 CID B105900D PID 000BBD21 DEVARCH 47701A14 DEVTYPE 14 CSS600-CTI
T502C 000:328.099 - 72.915ms returns 0x00
T502C 000:328.168 JLINK_Halt()
T502C 000:334.781 - 6.611ms returns 0x00
T502C 000:334.807 JLINK_IsHalted()
T502C 000:334.817 - 0.010ms returns TRUE
T502C 000:334.829 JLINK_ResetPullsRESET(ON)
T502C 000:334.837 - 0.008ms 
T502C 000:334.847 JLINK_Reset()
T502C 000:334.870   ResetTarget() start
T502C 000:334.882    J-Link Script File: Executing ResetTarget()
T502C 000:334.897   CPU_ReadMem(4 bytes @ 0xE000ED44)
T502C 000:335.736   CPU_ReadMem(4 bytes @ 0xE000EE08)
T502C 000:336.459   CPU_WriteMem(4 bytes @ 0xE000EE08)
T502C 000:337.257   CPU_ReadMem(4 bytes @ 0xE000EE08)
T502C 000:338.083   Reset: ARMv8M core with Security Extension enabled detected. Switch to secure domain.
T502C 000:338.103   Reset: Halt core after reset via DEMCR.VC_CORERESET.
T502C 000:338.120   CPU_WriteMem(4 bytes @ 0xE000EDF0)
T502C 000:339.003   CPU_WriteMem(4 bytes @ 0xE000EDFC)
T502C 000:340.585   Reset: Reset device via AIRCR.SYSRESETREQ.
T502C 000:340.605   CPU_WriteMem(4 bytes @ 0xE000ED0C)
T502C 000:393.029   CPU_ReadMem(4 bytes @ 0xE000EDF0)
T502C 000:393.854   CPU_ReadMem(4 bytes @ 0xE000EDF0)
T502C 000:394.735   CPU_WriteMem(4 bytes @ 0xE000EDFC)
T502C 000:395.627   ResetTarget() end - Took 60.7ms
T502C 000:395.641   Device specific reset executed.
T502C 000:402.922   CPU_WriteMem(4 bytes @ 0xE0002000)
T502C 000:403.754   CPU_ReadMem(4 bytes @ 0xE000EDFC)
T502C 000:404.582   CPU_ReadMem(4 bytes @ 0xE0001000)
T502C 000:405.326   CPU_ReadMem(4 bytes @ 0xE000EE08)
T502C 000:406.213 - 71.365ms 
T502C 000:406.322 JLINK_ReadMem(0xE000EDF0, 0x4 Bytes, ...)
T502C 000:406.344   CPU_ReadMem(4 bytes @ 0xE000EDF0)
T502C 000:407.082   Data:  03 00 13 00
T502C 000:407.094   Debug reg: DHCSR
T502C 000:407.102 - 0.781ms returns 0
T502C 000:407.120 JLINK_ReadMem(0x010080F0, 0x10 Bytes, ...)
T502C 000:407.128   CPU_ReadMem(16 bytes @ 0x010080F0)
T502C 000:408.106   Data:  52 37 46 41 36 4D 35 42 48 33 43 46 50 20 20 20
T502C 000:408.123 - 1.002ms returns 0
T502C 000:408.139 JLINK_IsHalted()
T502C 000:408.147 - 0.007ms returns TRUE
T502C 000:408.431 JLINK_ReadMem(0xE000EDF0, 0x4 Bytes, ...)
T502C 000:408.443   CPU_ReadMem(4 bytes @ 0xE000EDF0)
T502C 000:409.246   Data:  03 00 13 00
T502C 000:409.259   Debug reg: DHCSR
T502C 000:409.267 - 0.836ms returns 0
T502C 000:409.277 JLINK_ReadMem(0x400E002C, 0x4 Bytes, ...)
T502C 000:409.286   CPU_ReadMem(4 bytes @ 0x400E002C)
T502C 000:410.094   Data:  02 00 00 00
T502C 000:410.114 - 0.837ms returns 0
T502C 000:410.137 JLINK_MeasureCPUSpeed(RAMAddr = 0x20000000)
T502C 000:410.148   CPU_ReadMem(16 bytes @ 0x20000000)
T502C 000:411.102   CPU_ReadMem(4 bytes @ 0xE000EDFC)
T502C 000:411.822   CPU_ReadMem(4 bytes @ 0xE0001000)
T502C 000:412.609   CPU_ReadMem(6 bytes @ 0x20000000)
T502C 000:413.598   CPU_ReadMem(4 bytes @ 0xE000ED90)
T502C 000:414.342   CPU_ReadMem(4 bytes @ 0xE000ED94)
T502C 000:415.139   CPU_WriteMem(16 bytes @ 0x20000000)
T502C 000:416.138   CPU_WriteMem(6 bytes @ 0x20000000)
T502C 000:417.066   CPU_ReadMem(6 bytes @ 0x20000000)
T502C 000:417.898   CPU_ReadMem(4 bytes @ 0xE000EE08)
T502C 000:418.736   CPU_WriteMem(4 bytes @ 0xE0002008)
T502C 000:418.750   CPU_WriteMem(4 bytes @ 0xE000200C)
T502C 000:418.758   CPU_WriteMem(4 bytes @ 0xE0002010)
T502C 000:418.766   CPU_WriteMem(4 bytes @ 0xE0002014)
T502C 000:418.774   CPU_WriteMem(4 bytes @ 0xE0002018)
T502C 000:418.782   CPU_WriteMem(4 bytes @ 0xE000201C)
T502C 000:418.790   CPU_WriteMem(4 bytes @ 0xE0002020)
T502C 000:418.797   CPU_WriteMem(4 bytes @ 0xE0002024)
T502C 000:422.780   CPU_WriteMem(4 bytes @ 0xE0001004)
T502C 000:434.048   CPU_ReadMem(4 bytes @ 0xE0001004)
T502C 000:434.830   CPU_ReadMem(4 bytes @ 0xE000EE08)
T502C 000:435.579   CPU_WriteMem(4 bytes @ 0xE0002008)
T502C 000:436.390   CPU_WriteMem(4 bytes @ 0xE000200C)
T502C 000:437.251   CPU_WriteMem(4 bytes @ 0xE0002010)
T502C 000:438.011   CPU_WriteMem(4 bytes @ 0xE0002014)
T502C 000:438.857   CPU_WriteMem(4 bytes @ 0xE0002018)
T502C 000:439.765   CPU_WriteMem(4 bytes @ 0xE000201C)
T502C 000:440.617   CPU_WriteMem(4 bytes @ 0xE0002020)
T502C 000:441.520   CPU_WriteMem(4 bytes @ 0xE0002024)
T502C 000:442.385   CPU_ReadMem(4 bytes @ 0xE000EE08)
T502C 000:443.224   CPU_ReadMem(4 bytes @ 0xE000EE08)
T502C 000:443.926   CPU_WriteMem(4 bytes @ 0xE0001004)
T502C 000:475.327   CPU_ReadMem(4 bytes @ 0xE0001004)
T502C 000:476.192   CPU_WriteMem(6 bytes @ 0x20000000)
T502C 000:477.046   ClockFreq: 2077200 Hz
T502C 000:477.064 - 66.927ms returns 2077200
T502C 000:477.092 JLINK_ReadReg(XPSR)
T502C 000:477.103   CPU_ReadMem(4 bytes @ 0xE000EE08)
T502C 000:477.810 - 0.717ms returns 0xF9000000
T3530 000:548.145 JLINK_ReadReg(XPSR)
T3530 000:548.184   CPU_ReadMem(4 bytes @ 0xE000EE08)
T3530 000:549.054 - 0.908ms returns 0xF9000000
T3530 000:579.764 JLINK_ReadReg(XPSR)
T3530 000:579.795   CPU_ReadMem(4 bytes @ 0xE000EE08)
T3530 000:580.627 - 0.862ms returns 0xF9000000
T3530 000:752.900 JLINK_ResetPullsRESET(ON)
T3530 000:752.941 - 0.040ms 
T3530 000:752.954 JLINK_Halt()
T3530 000:752.965 - 0.011ms returns 0x00
T3530 000:752.977 JLINK_IsHalted()
T3530 000:752.988 - 0.011ms returns TRUE
T3530 000:752.999 JLINK_Reset()
T3530 000:753.022   ResetTarget() start
T3530 000:753.035    J-Link Script File: Executing ResetTarget()
T3530 000:753.054   CPU_ReadMem(4 bytes @ 0xE000ED44)
T3530 000:753.858   CPU_ReadMem(4 bytes @ 0xE000EE08)
T3530 000:754.727   CPU_WriteMem(4 bytes @ 0xE000EE08)
T3530 000:755.607   CPU_ReadMem(4 bytes @ 0xE000EE08)
T3530 000:756.343   Reset: ARMv8M core with Security Extension enabled detected. Switch to secure domain.
T3530 000:756.360   Reset: Halt core after reset via DEMCR.VC_CORERESET.
T3530 000:756.374   CPU_WriteMem(4 bytes @ 0xE000EDF0)
T3530 000:757.265   CPU_WriteMem(4 bytes @ 0xE000EDFC)
T3530 000:758.821   Reset: Reset device via AIRCR.SYSRESETREQ.
T3530 000:758.839   CPU_WriteMem(4 bytes @ 0xE000ED0C)
T3530 000:811.193   CPU_ReadMem(4 bytes @ 0xE000EDF0)
T3530 000:811.980   CPU_ReadMem(4 bytes @ 0xE000EDF0)
T3530 000:812.844   CPU_WriteMem(4 bytes @ 0xE000EDFC)
T3530 000:813.619   ResetTarget() end - Took 60.5ms
T3530 000:813.638   Device specific reset executed.
T3530 000:821.004   CPU_WriteMem(4 bytes @ 0xE0002000)
T3530 000:821.900   CPU_ReadMem(4 bytes @ 0xE000EDFC)
T3530 000:822.714   CPU_ReadMem(4 bytes @ 0xE0001000)
T3530 000:823.445   CPU_ReadMem(4 bytes @ 0xE000EE08)
T3530 000:824.196 - 71.196ms 
T3530 000:824.221 JLINK_SetEndian(ARM_ENDIAN_LITTLE)
T3530 000:824.227 - 0.006ms returns 0
T3530 000:824.360 JLINK_BeginDownload(Flags = 0x00000000)
T3530 000:824.368 - 0.007ms 
T3530 000:847.105 JLINK_ReadMem(0xE000EDF0, 0x4 Bytes, ...)
T3530 000:847.137   CPU_ReadMem(4 bytes @ 0xE000EDF0)
T3530 000:847.949   Data:  03 00 13 00
T3530 000:847.964   Debug reg: DHCSR
T3530 000:847.973 - 0.867ms returns 0
T3530 000:848.904 JLINK_WriteMem(0x00000000, 0xBD0 Bytes, ...)
T3530 000:848.922   Data:  00 07 00 20 49 15 00 00 5D 13 00 00 45 15 00 00 ...
T3530 000:849.212   completely In flash
T3530 000:849.229 - 0.325ms returns 0xBD0
T3530 000:849.642 JLINK_WriteMem(0x00000BD0, 0xBB0 Bytes, ...)
T3530 000:849.653   Data:  DB 09 E0 D0 12 F8 16 30 01 21 23 F0 80 03 C8 20 ...
T3530 000:849.670   completely In flash
T3530 000:849.678 - 0.036ms returns 0xBB0
T3530 000:849.956 JLINK_WriteMem(0x00001780, 0xB90 Bytes, ...)
T3530 000:849.968   Data:  2D E9 F8 43 07 46 88 46 14 46 00 26 D4 E9 01 95 ...
T3530 000:849.982   completely In flash
T3530 000:849.991 - 0.035ms returns 0xB90
T3530 000:850.286 JLINK_WriteMem(0x00002310, 0x554 Bytes, ...)
T3530 000:850.297   Data:  5C F8 B4 F9 0C 30 13 F0 01 02 0A D0 00 22 A2 60 ...
T3530 000:850.307   completely In flash
T3530 000:850.315 - 0.030ms returns 0x554
T3530 000:850.502 JLINK_WriteMem(0x00002864, 0x68 Bytes, ...)
T3530 000:850.522   Data:  40 00 35 00 00 00 00 00 03 00 00 00 B0 01 00 20 ...
T3530 000:850.533   completely In flash
T3530 000:850.541 - 0.040ms returns 0x68
T3530 000:850.875 JLINK_WriteMem(0x0100A100, 0x14 Bytes, ...)
T3530 000:850.887   Data:  FF FF FF FF FF FF FF FF FF FF FF FF FF FF FF FF ...
T3530 000:851.127   completely In flash
T3530 000:851.137 - 0.262ms returns 0x14
T3530 000:851.421 JLINK_WriteMem(0x0100A134, 0x4 Bytes, ...)
T3530 000:851.431   Data:  FF FF FF FF
T3530 000:851.441   completely In flash
T3530 000:851.448 - 0.027ms returns 0x4
T3530 000:851.707 JLINK_WriteMem(0x0100A200, 0xD0 Bytes, ...)
T3530 000:851.718   Data:  FF FD FF FF FF FF FF FF FF FF FF FF FF FF FF FF ...
T3530 000:851.728   completely In flash
T3530 000:851.736 - 0.028ms returns 0xD0
T3530 000:862.652 JLINK_EndDownload()
T3530 000:863.351   CPU_ReadMem(4 bytes @ 0xE000ED90)
T3530 000:864.219   CPU_ReadMem(4 bytes @ 0xE000ED94)
T3530 000:864.948    -- --------------------------------------
T3530 000:864.970    -- Start of determining flash info (Bank @ 0x0100A100)
T3530 000:864.985    -- End of determining flash info
T3530 000:864.995    -- Start of determining dirty areas in flash cache
T3530 000:865.007    -- Filling invalid ranges in sector buffer (flash cache) for sector @ 0x0100A100 if necessary
T3530 000:865.019    -- Filling invalid ranges in sector buffer (flash cache) for sector @ 0x0100A110 if necessary
T3530 000:865.032    -- Filling invalid ranges in sector buffer (flash cache) for sector @ 0x0100A130 if necessary
T3530 000:865.043    -- Filling invalid ranges in sector buffer (flash cache) for sector @ 0x0100A200 if necessary
T3530 000:865.054    -- Filling invalid ranges in sector buffer (flash cache) for sector @ 0x0100A210 if necessary
T3530 000:865.065    -- Filling invalid ranges in sector buffer (flash cache) for sector @ 0x0100A220 if necessary
T3530 000:865.076    -- Filling invalid ranges in sector buffer (flash cache) for sector @ 0x0100A230 if necessary
T3530 000:865.087    -- Filling invalid ranges in sector buffer (flash cache) for sector @ 0x0100A240 if necessary
T3530 000:865.098    -- Filling invalid ranges in sector buffer (flash cache) for sector @ 0x0100A250 if necessary
T3530 000:865.109    -- Filling invalid ranges in sector buffer (flash cache) for sector @ 0x0100A260 if necessary
T3530 000:865.119    -- Filling invalid ranges in sector buffer (flash cache) for sector @ 0x0100A270 if necessary
T3530 000:865.130    -- Filling invalid ranges in sector buffer (flash cache) for sector @ 0x0100A280 if necessary
T3530 000:865.141    -- Filling invalid ranges in sector buffer (flash cache) for sector @ 0x0100A290 if necessary
T3530 000:865.152    -- Filling invalid ranges in sector buffer (flash cache) for sector @ 0x0100A2A0 if necessary
T3530 000:865.163    -- Filling invalid ranges in sector buffer (flash cache) for sector @ 0x0100A2B0 if necessary
T3530 000:865.174    -- Filling invalid ranges in sector buffer (flash cache) for sector @ 0x0100A2C0 if necessary
T3530 000:865.185    -- End of determining dirty areas
T3530 000:865.195    -- Start of preparing flash programming
T3530 000:865.208    -- Preparing RAMCode
T3530 000:865.218    -- Calculating RAM usage
T3530 000:865.282    -- RAM usage = 5104 Bytes
T3530 000:865.293    -- Preserving CPU registers
T3530 000:866.098    -- Preparing memory
T3530 000:866.116    -- Determining CPU clock frequency
T3530 000:929.214    -- CPU frequency = 2076 kHz
T3530 000:929.242    -- Preparing target
T3530 000:929.251    -- Preserving target RAM temporarily used for programming
T3530 000:989.300    -- Downloading RAMCode
T3530 001:068.995    -- Initializing RAMCode (InitType: 3 = Verify)
T3530 001:069.051    -- Executing Init(3)
T3530 001:091.377    -- End of preparing flash programming
T3530 001:099.981   
  ***** Warning: 
T3530 001:100.029   CPU is running at low speed (2076 kHz).
T3530 001:100.042    -- CPU is running at 2076 kHz.
T3530 001:100.057    -- Start of comparing flash
T3530 001:100.071    -- Flash algorithm supports a native verify function which is used to compare the flash content.
T3530 001:122.919    -- Comparing range 0x100A100 - 0x100A11F (2 Sectors, 32 Bytes), using verify function of the RAMCode
T3530 001:125.736    -- Data matches for sectors 0-1
T3530 001:126.074    -- Comparing range 0x100A130 - 0x100A13F (1 Sector, 16 Bytes), using verify function of the RAMCode
T3530 001:128.670    -- Data matches for sector 3
T3530 001:130.760    -- Comparing range 0x100A200 - 0x100A2CF (13 Sectors, 208 Bytes), using verify function of the RAMCode
T3530 001:136.345    -- Data matches for sectors 16-28
T3530 001:136.402    -- End of comparing flash
T3530 001:136.452    -- Start of erasing sectors
T3530 001:136.463    -- End of erasing sectors
T3530 001:136.474    -- Start of flash programming
T3530 001:136.484    -- End of flash programming
T3530 001:136.495    -- Start of verifying flash
T3530 001:136.505    -- End of verifying flash
T3530 001:136.515    -- Start of restoring
T3530 001:136.528    -- Executing UnInit()
T3530 001:146.343    -- Restoring target memory
T3530 001:198.878    -- Restoring CPU registers
T3530 001:199.752    -- End of restoring
T3530 001:199.777    -- Bank 0 @ 0x0100A100: Skipped. Contents already match
T3530 001:199.790    -- Bank 0 @ 0x0100A100: Skipped. Contents already match
T3530 001:201.136    -- --------------------------------------
T3530 001:201.151    -- Flash bank @ 0x00000000: Default: L2 verify disabled because algorithm performs L1 verify
T3530 001:201.159    -- Start of determining dirty areas in flash cache
T3530 001:201.177    -- Filling invalid ranges in sector buffer (flash cache) for sector @ 0x00000000 if necessary
T3530 001:201.187    -- Filling invalid ranges in sector buffer (flash cache) for sector @ 0x00002000 if necessary
T3530 001:201.399    -- End of determining dirty areas
T3530 001:201.410    -- Start of preparing flash programming
T3530 001:201.419    -- Calculating RAM usage
T3530 001:201.553    -- RAM usage = 3476 Bytes
T3530 001:201.562    -- Preserving CPU registers
T3530 001:201.594    -- Determining CPU clock frequency
T3530 001:258.818    -- Preparing target
T3530 001:261.603    -- Preserving target RAM temporarily used for programming
T3530 001:302.561    -- Downloading RAMCode
T3530 001:350.383    -- Preparing RAMCode
T3530 001:372.968    -- CPU frequency = 100000 kHz
T3530 001:373.014    -- End of preparing flash programming
T3530 001:374.285    -- CPU is running at 100000 kHz.
T3530 001:374.310    -- Start of comparing flash
T3530 001:374.321    -- CRC check was estimated as fastest method
T3530 001:382.064    -- Comparing range 0x0000 - 0x3FFF (2 Sectors, 16 KB), using multi-block CRC calculation
T3530 001:391.177    -- CRC does not match for sectors 0-1
T3530 001:391.216    -- End of comparing flash
T3530 001:391.227    -- Start of erasing sectors
T3530 001:391.237    -- Erasing range 0x00000000 - 0x00003FFF (  2 Sectors, 16 KB)
T3530 001:473.242    -- End of erasing sectors
T3530 001:473.269    -- Start of flash programming
T3530 001:473.280    -- Programming range 0x00000000 - 0x00003FFF (  2 Sectors, 16 KB)
T3530 001:668.319    -- End of flash programming
T3530 001:668.354    -- 0x0000 - 0x3FFF (  2 Sectors, 16 KB)
T3530 001:668.377    -- Start of restoring
T3530 001:668.390    -- Restoring RAMCode
T3530 001:689.040    -- Restoring target memory
T3530 001:724.930    -- Restore target
T3530 001:724.962    -- Restoring CPU registers
T3530 001:725.840    -- End of restoring
T3530 001:725.862    -- Bank 1 @ 0x00000000: 1 range affected (16384 bytes)
T3530 001:725.877    -- Total: 0.524s (Prepare: 0.172s, Compare: 0.016s, Erase: 0.082s, Program & Verify: 0.207s, Restore: 0.045s)
T3530 001:725.889    -- Program & Verify speed: 77 KB/s
T3530 001:735.033 - 872.379ms returns 16384 (0x4000)
T3530 001:735.968 JLINK_WriteReg(R15 (PC), 0x00001548)
T3530 001:736.003 - 0.034ms returns 0
T3530 001:736.013 JLINK_WriteReg(XPSR, 0x01000000)
T3530 001:736.021 - 0.007ms returns 0
T3530 001:736.629 JLINK_ResetPullsRESET(ON)
T3530 001:736.643 - 0.014ms 
T3530 001:736.650 JLINK_Halt()
T3530 001:736.656 - 0.006ms returns 0x00
T3530 001:736.663 JLINK_IsHalted()
T3530 001:736.670 - 0.006ms returns TRUE
T3530 001:736.677 JLINK_Reset()
T3530 001:736.686   ResetTarget() start
T3530 001:736.694    J-Link Script File: Executing ResetTarget()
T3530 001:736.705   CPU_ReadMem(4 bytes @ 0xE000ED44)
T3530 001:737.464   CPU_ReadMem(4 bytes @ 0xE000EE08)
T3530 001:738.303   CPU_WriteMem(4 bytes @ 0xE000EE08)
T3530 001:739.117   CPU_ReadMem(4 bytes @ 0xE000EE08)
T3530 001:739.935   Reset: ARMv8M core with Security Extension enabled detected. Switch to secure domain.
T3530 001:739.949   Reset: Halt core after reset via DEMCR.VC_CORERESET.
T3530 001:739.963   CPU_WriteMem(4 bytes @ 0xE000EDF0)
T3530 001:740.836   CPU_WriteMem(4 bytes @ 0xE000EDFC)
T3530 001:742.248   Reset: Reset device via AIRCR.SYSRESETREQ.
T3530 001:742.262   CPU_WriteMem(4 bytes @ 0xE000ED0C)
T3530 001:795.292   CPU_ReadMem(4 bytes @ 0xE000EDF0)
T3530 001:796.084   CPU_ReadMem(4 bytes @ 0xE000EDF0)
T3530 001:796.834   CPU_WriteMem(4 bytes @ 0xE000EDFC)
T3530 001:797.618   ResetTarget() end - Took 60.9ms
T3530 001:797.637   Device specific reset executed.
T3530 001:805.073   CPU_WriteMem(4 bytes @ 0xE0002000)
T3530 001:806.008   CPU_ReadMem(4 bytes @ 0xE000EDFC)
T3530 001:806.790   CPU_ReadMem(4 bytes @ 0xE0001000)
T3530 001:807.546   CPU_ReadMem(4 bytes @ 0xE000EE08)
T3530 001:808.328 - 71.651ms 
T3530 001:808.353 JLINK_SetEndian(ARM_ENDIAN_LITTLE)
T3530 001:808.360 - 0.007ms returns 0
T3530 001:809.353 JLINK_ReadReg(XPSR)
T3530 001:809.375   CPU_ReadMem(4 bytes @ 0xE000EE08)
T3530 001:810.189 - 0.835ms returns 0xF9000000
T3530 001:814.973 JLINK_ReadReg(XPSR)
T3530 001:815.006 - 0.032ms returns 0xF9000000
T3530 001:815.523 JLINK_ReadMem(0x00001548, 0x4 Bytes, ...)
T3530 001:815.547    -- Read from flash cache (4 bytes @ 0x00001548)
T3530 001:815.560   Data:  08 B5 00 F0
T3530 001:815.572 - 0.049ms returns 0
T3530 001:817.412 JLINK_ReadMem(0x00001548, 0x4 Bytes, ...)
T3530 001:817.450    -- Read from flash cache (4 bytes @ 0x00001548)
T3530 001:817.466   Data:  08 B5 00 F0
T3530 001:817.482 - 0.070ms returns 0
T3530 001:818.636 JLINK_ReadReg(XPSR)
T3530 001:818.674 - 0.037ms returns 0xF9000000
T3530 001:819.173 JLINK_ReadMem(0x00001548, 0x4 Bytes, ...)
T3530 001:819.189    -- Read from flash cache (4 bytes @ 0x00001548)
T3530 001:819.198   Data:  08 B5 00 F0
T3530 001:819.207 - 0.034ms returns 0
T3530 002:413.938 JLINK_GetNumBPUnits(Type = 0xFFFFFF00)
T3530 002:413.979 - 0.040ms returns 0x08
T3530 002:413.989 JLINK_GetNumWPUnits()
T3530 002:413.994 - 0.005ms returns 4
T3530 002:414.002 JLINK_GetNumWPUnits()
T3530 002:414.007 - 0.005ms returns 4
T3530 002:414.016 JLINK_GetNumBPUnits(Type = 0xFFFFFF00)
T3530 002:414.022 - 0.005ms returns 0x08
T3530 002:414.029 JLINK_GetNumWPUnits()
T3530 002:414.034 - 0.005ms returns 4
T3530 002:414.041 JLINK_GetNumWPUnits()
T3530 002:414.047 - 0.005ms returns 4
T3530 002:414.056 JLINK_GetNumBPUnits(Type = 0xFFFFFF00)
T3530 002:414.061 - 0.005ms returns 0x08
T3530 002:414.068 JLINK_GetNumWPUnits()
T3530 002:414.073 - 0.005ms returns 4
T3530 002:414.080 JLINK_GetNumWPUnits()
T3530 002:414.096 - 0.016ms returns 4
T3530 002:414.150 JLINK_SetBPEx(Addr = 0x0000038C, Type = 0xFFFFFF00)
T3530 002:414.167 - 0.017ms returns 0x00000001
T3530 002:414.175 JLINK_ClrBPEx(BPHandle = 0x00000001)
T3530 002:415.019 - 0.843ms returns 0x00
T3530 002:430.871 JLINK_ReadMem(0x00000380, 0x40 Bytes, ...)
T3530 002:430.901    -- Read from flash cache (64 bytes @ 0x00000380)
T3530 002:430.911   Data:  00 53 4B 60 00 20 70 47 01 20 70 47 08 B5 FF F7 ...
T3530 002:430.919 - 0.048ms returns 0
T3530 002:431.706 JLINK_ReadMem(0x0000038C, 0x2 Bytes, ...)
T3530 002:431.725    -- Read from flash cache (2 bytes @ 0x0000038C)
T3530 002:431.734   Data:  08 B5
T3530 002:431.743 - 0.037ms returns 0
T3530 002:432.161 JLINK_SetBPEx(Addr = 0x0000038C, Type = 0xFFFFFF00)
T3530 002:432.191 - 0.030ms returns 0x00000002
T3530 002:524.745 JLINK_ReadRegs(NumRegs = 22)
T3530 002:524.821   
  R0 (0)        = 0x00                 R1 (1)        = 0x00                 R2 (2)        = 0x00                 R3 (3)        = 0x00              
  R4 (4)        = 0x00                 R5 (5)        = 0x00                 R6 (6)        = 0x00                 R7 (7)        = 0x00              
  R8 (8)        = 0x2538               R9 (9)        = 0x30D                R10 (10)      = 0x19A5               R11 (11)      = 0x15              
  R12 (12)      = 0x2000D888           R13 (SP) (13) = 0x20000700           R14 (14)      = 0xFFFFFFFF           R15 (PC) (15) = 0x1548            
  XPSR (16)     = 0xF9000000           MSP (17)      = 0x20000700           PSP (18)      = 0x00                 MSPLIM (86)   = 0x00              
  PSPLIM (87)   = 0x00                 CFBP (20)     = 0x00              
T3530 002:524.834 - 0.089ms returns 0x00
T3530 002:525.205 JLINK_ReadReg(XPSR)
T3530 002:525.228 - 0.022ms returns 0xF9000000
T3530 002:525.827 JLINK_ReadMem(0x00001548, 0x4 Bytes, ...)
T3530 002:525.849    -- Read from flash cache (4 bytes @ 0x00001548)
T3530 002:525.862   Data:  08 B5 00 F0
T3530 002:525.873 - 0.047ms returns 0
T2050 002:543.719 JLINK_GetNumBPUnits(Type = 0xFFFFFF00)
T2050 002:543.743 - 0.024ms returns 0x08
T2050 002:543.751 JLINK_GetNumWPUnits()
T2050 002:543.756 - 0.005ms returns 4
T2050 002:543.763 JLINK_GetNumWPUnits()
T2050 002:543.768 - 0.005ms returns 4
T2050 002:543.996 JLINK_GetNumBPUnits(Type = 0xFFFFFF00)
T2050 002:544.015 - 0.019ms returns 0x08
T2050 002:544.024 JLINK_GetNumWPUnits()
T2050 002:544.031 - 0.006ms returns 4
T2050 002:544.039 JLINK_GetNumWPUnits()
T2050 002:544.047 - 0.007ms returns 4
T2050 002:544.644 JLINK_GetNumBPUnits(Type = 0xFFFFFF00)
T2050 002:544.660 - 0.015ms returns 0x08
T2050 002:544.668 JLINK_GetNumWPUnits()
T2050 002:544.674 - 0.005ms returns 4
T2050 002:544.681 JLINK_GetNumWPUnits()
T2050 002:544.686 - 0.005ms returns 4
T2050 002:545.031 JLINK_ReadReg(XPSR)
T2050 002:545.056 - 0.024ms returns 0xF9000000
T2050 002:545.065 JLINK_ReadReg(R15 (PC))
T2050 002:545.073 - 0.007ms returns 0x00001548
T2050 002:545.190 JLINK_GetNumBPUnits(Type = 0xFFFFFF00)
T2050 002:545.200 - 0.010ms returns 0x08
T2050 002:545.209 JLINK_GetNumWPUnits()
T2050 002:545.215 - 0.006ms returns 4
T2050 002:545.224 JLINK_GetNumWPUnits()
T2050 002:545.230 - 0.006ms returns 4
T2050 002:545.460 JLINK_GetNumBPUnits(Type = 0xFFFFFF00)
T2050 002:545.472 - 0.012ms returns 0x08
T2050 002:545.479 JLINK_GetNumWPUnits()
T2050 002:545.484 - 0.005ms returns 4
T2050 002:545.491 JLINK_GetNumWPUnits()
T2050 002:545.496 - 0.005ms returns 4
T2050 002:545.676 JLINK_GetNumBPUnits(Type = 0xFFFFFF00)
T2050 002:545.688 - 0.012ms returns 0x08
T2050 002:545.695 JLINK_GetNumWPUnits()
T2050 002:545.701 - 0.005ms returns 4
T2050 002:545.708 JLINK_GetNumWPUnits()
T2050 002:545.714 - 0.005ms returns 4
T2050 002:545.848 JLINK_GetNumBPUnits(Type = 0xFFFFFF00)
T2050 002:545.858 - 0.010ms returns 0x08
T2050 002:545.866 JLINK_GetNumWPUnits()
T2050 002:545.871 - 0.005ms returns 4
T2050 002:545.878 JLINK_GetNumWPUnits()
T2050 002:545.884 - 0.005ms returns 4
T2050 002:546.039 JLINK_GetNumBPUnits(Type = 0xFFFFFF00)
T2050 002:546.059 - 0.020ms returns 0x08
T2050 002:546.068 JLINK_GetNumWPUnits()
T2050 002:546.074 - 0.006ms returns 4
T2050 002:546.083 JLINK_GetNumWPUnits()
T2050 002:546.090 - 0.006ms returns 4
T3530 003:273.711 JLINK_ReadMem(0x00001548, 0x4 Bytes, ...)
T3530 003:273.743    -- Read from flash cache (4 bytes @ 0x00001548)
T3530 003:273.752   Data:  08 B5 00 F0
T3530 003:273.761 - 0.050ms returns 0
T3530 003:304.822 JLINK_ReadReg(XPSR)
T3530 003:305.676 - 0.853ms returns 0xF9000000
T3530 003:306.485 JLINK_ReadReg(XPSR)
T3530 003:306.501 - 0.016ms returns 0xF9000000
T3530 010:825.104 JLINK_STRACE_Read(..., NumItems = 0x10000)
T3530 010:825.150   Initializing trace type buffer with configured Coresight trace components (* indicates set/detected address):
T3530 010:825.160    *TF:   0xE0047000
T3530 010:825.166    *TMC:  0xE0048000
T3530 010:825.174     ETB:  0x00000000
T3530 010:825.180     MTB:  0x00000000
T3530 010:825.186    *TPIU: 0xE0040000
T3530 010:825.193    *ETM:  0xE0041000
T3530 010:825.199     STM:  0x00000000
T3530 010:825.206     PTM:  0x00000000
T3530 010:825.812 - 0.707ms NumItemsRead = 0x00
T3530 010:825.844 JLINK_IsHalted()
T3530 010:826.686 - 0.841ms returns TRUE
T3530 010:826.722 JLINK_STRACE_Read(..., NumItems = 0x10000)
T3530 010:826.737 - 0.014ms NumItemsRead = 0x00
T3530 010:826.754 JLINK_GoEx(MaxEmulInsts = 0, Flags = 0x01)
T3530 010:826.791   CPU_WriteMem(4 bytes @ 0xE0002000)
T3530 010:827.680   CPU_ReadMem(4 bytes @ 0xE0001000)
T3530 010:828.530   CPU_WriteMem(4 bytes @ 0xE0002008)
T3530 010:828.555   CPU_WriteMem(4 bytes @ 0xE000200C)
T3530 010:828.568   CPU_WriteMem(4 bytes @ 0xE0002010)
T3530 010:828.582   CPU_WriteMem(4 bytes @ 0xE0002014)
T3530 010:828.594   CPU_WriteMem(4 bytes @ 0xE0002018)
T3530 010:828.607   CPU_WriteMem(4 bytes @ 0xE000201C)
T3530 010:828.620   CPU_WriteMem(4 bytes @ 0xE0002020)
T3530 010:828.632   CPU_WriteMem(4 bytes @ 0xE0002024)
T3530 010:832.615   CPU_WriteMem(4 bytes @ 0xE0001004)
T3530 010:834.652   Memory map 'after startup completion point' is active
T3530 010:834.666 - 7.912ms 
T3530 010:933.258 JLINK_IsHalted()
T3530 010:939.894 - 6.635ms returns TRUE
T3530 010:939.926 JLINK_ReadReg(XPSR)
T3530 010:939.948   CPU_ReadMem(4 bytes @ 0xE000EE08)
T3530 010:940.751 - 0.824ms returns 0x69000000
T3530 010:940.773 JLINK_ReadReg(R15 (PC))
T3530 010:940.785 - 0.012ms returns 0x0000038C
T3530 010:940.802 JLINK_ReadReg(XPSR)
T3530 010:940.813 - 0.010ms returns 0x69000000
T3530 010:940.826 JLINK_ReadReg(XPSR)
T3530 010:940.838 - 0.010ms returns 0x69000000
T3530 010:940.852 JLINK_ReadReg(R15 (PC))
T3530 010:940.862 - 0.010ms returns 0x0000038C
T3530 010:940.877 JLINK_ReadReg(XPSR)
T3530 010:940.888 - 0.010ms returns 0x69000000
T3530 010:940.903 JLINK_ReadReg(XPSR)
T3530 010:940.913 - 0.009ms returns 0x69000000
T3530 010:940.931 JLINK_ReadMem(0x0000038C, 0x1 Bytes, ...)
T3530 010:940.943    -- Read from flash cache (1 bytes @ 0x0000038C)
T3530 010:940.954   Data:  08
T3530 010:940.965 - 0.033ms returns 0
T3530 010:940.978 JLINK_IsHalted()
T3530 010:940.988 - 0.009ms returns TRUE
T3530 010:941.004 JLINK_ReadReg(XPSR)
T3530 010:941.014 - 0.010ms returns 0x69000000
T3530 010:941.030 JLINK_ReadReg(XPSR)
T3530 010:941.040 - 0.010ms returns 0x69000000
T3530 010:941.056 JLINK_ReadReg(R15 (PC))
T3530 010:941.066 - 0.009ms returns 0x0000038C
T3530 010:941.081 JLINK_ReadReg(XPSR)
T3530 010:941.091 - 0.010ms returns 0x69000000
T3530 010:941.106 JLINK_ReadReg(XPSR)
T3530 010:941.116 - 0.010ms returns 0x69000000
T3530 010:941.130 JLINK_ReadMem(0x0000038C, 0x1 Bytes, ...)
T3530 010:941.140    -- Read from flash cache (1 bytes @ 0x0000038C)
T3530 010:941.152   Data:  08
T3530 010:941.162 - 0.032ms returns 0
T3530 010:941.229 JLINK_IsHalted()
T3530 010:941.238 - 0.008ms returns TRUE
T3530 010:941.246 JLINK_ReadReg(XPSR)
T3530 010:941.254 - 0.007ms returns 0x69000000
T3530 010:941.262 JLINK_ReadReg(R15 (PC))
T3530 010:941.270 - 0.007ms returns 0x0000038C
T3530 010:941.279 JLINK_ReadReg(XPSR)
T3530 010:941.294 - 0.014ms returns 0x69000000
T3530 010:941.302 JLINK_ReadReg(XPSR)
T3530 010:941.309 - 0.007ms returns 0x69000000
T3530 010:941.318 JLINK_ReadReg(R15 (PC))
T3530 010:941.325 - 0.007ms returns 0x0000038C
T3530 010:941.334 JLINK_ReadReg(XPSR)
T3530 010:941.342 - 0.007ms returns 0x69000000
T3530 010:941.350 JLINK_ReadReg(XPSR)
T3530 010:941.358 - 0.007ms returns 0x69000000
T3530 010:941.366 JLINK_ReadMem(0x0000038C, 0x1 Bytes, ...)
T3530 010:941.374    -- Read from flash cache (1 bytes @ 0x0000038C)
T3530 010:941.383   Data:  08
T3530 010:941.393 - 0.026ms returns 0
T3530 010:941.402 JLINK_IsHalted()
T3530 010:941.409 - 0.006ms returns TRUE
T3530 010:941.418 JLINK_ReadReg(XPSR)
T3530 010:941.425 - 0.007ms returns 0x69000000
T3530 010:941.434 JLINK_ReadReg(XPSR)
T3530 010:941.441 - 0.007ms returns 0x69000000
T3530 010:941.449 JLINK_ReadReg(R15 (PC))
T3530 010:941.456 - 0.007ms returns 0x0000038C
T3530 010:941.465 JLINK_ReadReg(XPSR)
T3530 010:941.472 - 0.007ms returns 0x69000000
T3530 010:941.483 JLINK_ReadReg(XPSR)
T3530 010:941.490 - 0.006ms returns 0x69000000
T3530 010:941.499 JLINK_ReadMem(0x0000038C, 0x1 Bytes, ...)
T3530 010:941.506    -- Read from flash cache (1 bytes @ 0x0000038C)
T3530 010:941.515   Data:  08
T3530 010:941.525 - 0.026ms returns 0
T3530 010:942.186 JLINK_ReadRegs(NumRegs = 22)
T3530 010:942.227   
  R0 (0)        = 0x00                 R1 (1)        = 0x27F8               R2 (2)        = 0x1A7                R3 (3)        = 0x04              
  R4 (4)        = 0x00                 R5 (5)        = 0x00                 R6 (6)        = 0x00                 R7 (7)        = 0x00              
  R8 (8)        = 0x2538               R9 (9)        = 0x30D                R10 (10)      = 0x19A5               R11 (11)      = 0x15              
  R12 (12)      = 0x10                 R13 (SP) (13) = 0x200006F8           R14 (14)      = 0x1553               R15 (PC) (15) = 0x38C             
  XPSR (16)     = 0x69000000           MSP (17)      = 0x200006F8           PSP (18)      = 0x00                 MSPLIM (86)   = 0x20000300        
  PSPLIM (87)   = 0x00                 CFBP (20)     = 0x00              
T3530 010:942.240 - 0.053ms returns 0x00
T3530 010:942.682 JLINK_ReadReg(XPSR)
T3530 010:942.701 - 0.018ms returns 0x69000000
T3530 010:943.310 JLINK_ReadMem(0x0000038C, 0x4 Bytes, ...)
T3530 010:943.333    -- Read from flash cache (4 bytes @ 0x0000038C)
T3530 010:943.349   Data:  08 B5 FF F7
T3530 010:943.361 - 0.052ms returns 0
T3530 010:944.328 JLINK_ClrBPEx(BPHandle = 0x00000002)
T3530 010:944.348 - 0.019ms returns 0x00
T3530 010:965.305 JLINK_ReadMem(0x0000038C, 0x4 Bytes, ...)
T3530 010:965.354    -- Read from flash cache (4 bytes @ 0x0000038C)
T3530 010:965.368   Data:  08 B5 FF F7
T3530 010:965.383 - 0.078ms returns 0
T3530 010:996.106 JLINK_ReadReg(XPSR)
T3530 010:996.173 - 0.066ms returns 0x69000000
T3530 010:997.274 JLINK_ReadReg(XPSR)
T3530 010:997.308 - 0.034ms returns 0x69000000
T2050 011:945.087 JLINK_ReadReg(XPSR)
T2050 011:945.825 - 0.737ms returns 0x69000000
T2050 011:945.840 JLINK_ReadReg(R15 (PC))
T2050 011:945.848 - 0.008ms returns 0x0000038C
T2050 011:946.426 JLINK_IsHalted()
T2050 011:946.450 - 0.024ms returns TRUE
T2050 011:946.462 JLINK_ReadReg(XPSR)
T2050 011:946.474 - 0.012ms returns 0x69000000
T2050 011:946.485 JLINK_ReadReg(R15 (PC))
T2050 011:946.493 - 0.008ms returns 0x0000038C
T2050 011:946.504 JLINK_ReadReg(XPSR)
T2050 011:946.512 - 0.008ms returns 0x69000000
T2050 011:946.522 JLINK_ReadReg(XPSR)
T2050 011:946.530 - 0.007ms returns 0x69000000
T2050 011:946.540 JLINK_ReadReg(R15 (PC))
T2050 011:946.548 - 0.007ms returns 0x0000038C
T2050 011:946.558 JLINK_ReadReg(XPSR)
T2050 011:946.566 - 0.007ms returns 0x69000000
T2050 011:946.575 JLINK_ReadReg(XPSR)
T2050 011:946.583 - 0.007ms returns 0x69000000
T2050 011:946.594 JLINK_ReadMem(0x0000038C, 0x1 Bytes, ...)
T2050 011:946.606    -- Read from flash cache (1 bytes @ 0x0000038C)
T2050 011:946.618   Data:  08
T2050 011:946.629 - 0.035ms returns 0
T2050 011:946.646 JLINK_IsHalted()
T2050 011:946.653 - 0.007ms returns TRUE
T2050 011:946.662 JLINK_ReadReg(XPSR)
T2050 011:946.670 - 0.008ms returns 0x69000000
T2050 011:946.680 JLINK_ReadReg(XPSR)
T2050 011:946.688 - 0.007ms returns 0x69000000
T2050 011:946.698 JLINK_ReadReg(R15 (PC))
T2050 011:946.706 - 0.007ms returns 0x0000038C
T2050 011:946.716 JLINK_ReadReg(XPSR)
T2050 011:946.723 - 0.007ms returns 0x69000000
T2050 011:946.733 JLINK_ReadReg(XPSR)
T2050 011:946.741 - 0.007ms returns 0x69000000
T2050 011:946.750 JLINK_ReadMem(0x0000038C, 0x1 Bytes, ...)
T2050 011:946.758    -- Read from flash cache (1 bytes @ 0x0000038C)
T2050 011:946.770   Data:  08
T2050 011:946.780 - 0.029ms returns 0
T2050 011:946.825 JLINK_ReadMem(0xE0001000, 0x4 Bytes, ...)
T2050 011:946.834   CPU_ReadMem(4 bytes @ 0xE0001000)
T2050 011:947.607   Data:  01 00 00 40
T2050 011:947.626   Debug reg: DWT_CTRL
T2050 011:947.638 - 0.812ms returns 0
T2050 011:947.662 JLINK_WriteMem(0xE0001FB0, 0x8 Bytes, ...)
T2050 011:947.669   Data:  00 00 00 00 55 CE AC C5
T2050 011:947.935   CPU_WriteMem(8 bytes @ 0xE0001FB0)
T2050 011:948.836 - 1.174ms returns 0x8
T2050 011:948.859 JLINK_ReadMem(0xE000EDFC, 0x4 Bytes, ...)
T2050 011:948.871   CPU_ReadMem(4 bytes @ 0xE000EDFC)
T2050 011:949.632   Data:  00 00 10 01
T2050 011:949.646   Debug reg: DEMCR
T2050 011:949.657 - 0.797ms returns 0
T2050 011:950.486 JLINK_ReadMem(0xE0001004, 0x4 Bytes, ...)
T2050 011:950.504   CPU_ReadMem(4 bytes @ 0xE0001004)
T2050 011:951.241   Data:  25 34 02 00
T2050 011:951.254   Debug reg: DWT_CYCCNT
T2050 011:951.262 - 0.777ms returns 0
T3530 015:020.522 JLINK_STRACE_Read(..., NumItems = 0x10000)
T3530 015:020.571 - 0.049ms NumItemsRead = 0x00
T3530 015:021.061 JLINK_ReadMem(0xE0001004, 0x4 Bytes, ...)
T3530 015:021.090   Data:  25 34 02 00
T3530 015:021.104   Debug reg: DWT_CYCCNT
T3530 015:021.117 - 0.055ms returns 0
T3530 015:021.130 JLINK_IsHalted()
T3530 015:021.949 - 0.818ms returns TRUE
T3530 015:021.976 JLINK_STRACE_Read(..., NumItems = 0x10000)
T3530 015:021.989 - 0.013ms NumItemsRead = 0x00
T3530 015:022.674 JLINK_ReadMem(0xE0001004, 0x4 Bytes, ...)
T3530 015:022.693   Data:  25 34 02 00
T3530 015:022.712   Debug reg: DWT_CYCCNT
T3530 015:022.730 - 0.056ms returns 0
T3530 015:022.746 JLINK_GoEx(MaxEmulInsts = 0, Flags = 0x01)
T3530 015:022.771   CPU_ReadMem(4 bytes @ 0xE0001000)
T3530 015:023.578   CPU_WriteMem(4 bytes @ 0xE0002008)
T3530 015:025.819 - 3.072ms 
T3530 015:120.101 JLINK_IsHalted()
T3530 015:121.038 - 0.936ms returns FALSE
T3530 015:121.064 JLINK_IsHalted()
T3530 015:121.867 - 0.802ms returns FALSE
T3530 015:229.755 JLINK_IsHalted()
T3530 015:230.573 - 0.816ms returns FALSE
T3530 015:230.589 JLINK_IsHalted()
T3530 015:231.426 - 0.836ms returns FALSE
T3530 015:339.128 JLINK_IsHalted()
T3530 015:340.014 - 0.886ms returns FALSE
T3530 015:340.027 JLINK_IsHalted()
T3530 015:340.864 - 0.835ms returns FALSE
T3530 015:448.280 JLINK_IsHalted()
T3530 015:449.056 - 0.775ms returns FALSE
T3530 015:449.078 JLINK_IsHalted()
T3530 015:449.925 - 0.847ms returns FALSE
T3530 015:557.882 JLINK_IsHalted()
T3530 015:558.702 - 0.821ms returns FALSE
T3530 015:558.726 JLINK_IsHalted()
T3530 015:559.598 - 0.870ms returns FALSE
T3530 015:667.166 JLINK_IsHalted()
T3530 015:668.061 - 0.894ms returns FALSE
T3530 015:668.086 JLINK_IsHalted()
T3530 015:668.930 - 0.842ms returns FALSE
T3530 015:776.610 JLINK_IsHalted()
T3530 015:777.512 - 0.902ms returns FALSE
T3530 015:777.533 JLINK_IsHalted()
T3530 015:778.346 - 0.813ms returns FALSE
T3530 015:886.190 JLINK_IsHalted()
T3530 015:887.130 - 0.939ms returns FALSE
T3530 015:887.152 JLINK_IsHalted()
T3530 015:887.915 - 0.762ms returns FALSE
T3530 015:995.238 JLINK_IsHalted()
T3530 015:996.078 - 0.840ms returns FALSE
T3530 015:996.098 JLINK_IsHalted()
T3530 015:996.968 - 0.870ms returns FALSE
T2050 016:021.714 JLINK_IsHalted()
T2050 016:022.482 - 0.767ms returns FALSE
T2050 016:022.493 JLINK_IsHalted()
T2050 016:023.226 - 0.731ms returns FALSE
T3530 016:105.037 JLINK_IsHalted()
T3530 016:105.978 - 0.939ms returns FALSE
T3530 016:105.997 JLINK_IsHalted()
T3530 016:106.880 - 0.882ms returns FALSE
T3530 016:214.056 JLINK_IsHalted()
T3530 016:214.970 - 0.912ms returns FALSE
T3530 016:214.990 JLINK_IsHalted()
T3530 016:215.837 - 0.845ms returns FALSE
T3530 016:323.922 JLINK_IsHalted()
T3530 016:324.842 - 0.919ms returns FALSE
T3530 016:324.864 JLINK_IsHalted()
T3530 016:325.654 - 0.790ms returns FALSE
T3530 016:432.995 JLINK_IsHalted()
T3530 016:433.882 - 0.885ms returns FALSE
T3530 016:433.901 JLINK_IsHalted()
T3530 016:434.877 - 0.976ms returns FALSE
T3530 016:542.173 JLINK_IsHalted()
T3530 016:543.042 - 0.868ms returns FALSE
T3530 016:543.062 JLINK_IsHalted()
T3530 016:543.846 - 0.785ms returns FALSE
T3530 016:652.090 JLINK_IsHalted()
T3530 016:652.861 - 0.770ms returns FALSE
T3530 016:652.875 JLINK_IsHalted()
T3530 016:653.597 - 0.721ms returns FALSE
T3530 016:760.899 JLINK_IsHalted()
T3530 016:761.875 - 0.975ms returns FALSE
T3530 016:761.899 JLINK_IsHalted()
T3530 016:762.646 - 0.747ms returns FALSE
T3530 016:870.148 JLINK_IsHalted()
T3530 016:871.116 - 0.969ms returns FALSE
T3530 016:871.142 JLINK_IsHalted()
T3530 016:871.918 - 0.777ms returns FALSE
T3530 016:979.508 JLINK_IsHalted()
T3530 016:980.562 - 1.051ms returns FALSE
T3530 016:980.582 JLINK_IsHalted()
T3530 016:981.494 - 0.912ms returns FALSE
T2050 017:023.110 JLINK_IsHalted()
T2050 017:023.988 - 0.876ms returns FALSE
T2050 017:024.004 JLINK_IsHalted()
T2050 017:024.876 - 0.870ms returns FALSE
T3530 017:089.612 JLINK_IsHalted()
T3530 017:090.414 - 0.800ms returns FALSE
T3530 017:090.438 JLINK_IsHalted()
T3530 017:091.274 - 0.835ms returns FALSE
T3530 017:198.168 JLINK_IsHalted()
T3530 017:198.976 - 0.808ms returns FALSE
T3530 017:198.996 JLINK_IsHalted()
T3530 017:199.708 - 0.712ms returns FALSE
T3530 017:308.088 JLINK_IsHalted()
T3530 017:308.948 - 0.860ms returns FALSE
T3530 017:308.968 JLINK_IsHalted()
T3530 017:309.810 - 0.840ms returns FALSE
T3530 017:417.070 JLINK_IsHalted()
T3530 017:418.004 - 0.934ms returns FALSE
T3530 017:418.020 JLINK_IsHalted()
T3530 017:418.820 - 0.801ms returns FALSE
T3530 017:526.982 JLINK_IsHalted()
T3530 017:527.852 - 0.868ms returns FALSE
T3530 017:527.872 JLINK_IsHalted()
T3530 017:528.664 - 0.790ms returns FALSE
T3530 017:636.356 JLINK_IsHalted()
T3530 017:637.210 - 0.853ms returns FALSE
T3530 017:637.224 JLINK_IsHalted()
T3530 017:637.958 - 0.733ms returns FALSE
T3530 017:745.224 JLINK_IsHalted()
T3530 017:746.074 - 0.847ms returns FALSE
T3530 017:746.096 JLINK_IsHalted()
T3530 017:746.876 - 0.779ms returns FALSE
T3530 017:854.334 JLINK_IsHalted()
T3530 017:855.304 - 0.968ms returns FALSE
T3530 017:855.324 JLINK_IsHalted()
T3530 017:856.178 - 0.853ms returns FALSE
T3530 017:964.170 JLINK_IsHalted()
T3530 017:964.970 - 0.797ms returns FALSE
T3530 017:964.996 JLINK_IsHalted()
T3530 017:965.786 - 0.790ms returns FALSE
T2050 018:026.006 JLINK_IsHalted()
T2050 018:026.878 - 0.871ms returns FALSE
T2050 018:026.892 JLINK_IsHalted()
T2050 018:027.970 - 1.076ms returns FALSE
T3530 018:073.148 JLINK_IsHalted()
T3530 018:073.974 - 0.824ms returns FALSE
T3530 018:074.000 JLINK_IsHalted()
T3530 018:074.794 - 0.792ms returns FALSE
T3530 018:183.320 JLINK_IsHalted()
T3530 018:184.178 - 0.856ms returns FALSE
T3530 018:184.198 JLINK_IsHalted()
T3530 018:185.012 - 0.814ms returns FALSE
T3530 018:292.260 JLINK_IsHalted()
T3530 018:293.184 - 0.924ms returns FALSE
T3530 018:293.206 JLINK_IsHalted()
T3530 018:293.976 - 0.769ms returns FALSE
T3530 018:402.084 JLINK_IsHalted()
T3530 018:402.864 - 0.779ms returns FALSE
T3530 018:402.888 JLINK_IsHalted()
T3530 018:403.636 - 0.745ms returns FALSE
T3530 018:510.724 JLINK_IsHalted()
T3530 018:511.540 - 0.817ms returns FALSE
T3530 018:511.562 JLINK_IsHalted()
T3530 018:512.388 - 0.825ms returns FALSE
T3530 018:620.230 JLINK_IsHalted()
T3530 018:621.142 - 0.911ms returns FALSE
T3530 018:621.160 JLINK_IsHalted()
T3530 018:621.974 - 0.815ms returns FALSE
T3530 018:729.956 JLINK_IsHalted()
T3530 018:730.848 - 0.890ms returns FALSE
T3530 018:730.870 JLINK_IsHalted()
T3530 018:731.592 - 0.720ms returns FALSE
T3530 018:838.832 JLINK_IsHalted()
T3530 018:839.598 - 0.766ms returns FALSE
T3530 018:839.620 JLINK_IsHalted()
T3530 018:840.490 - 0.870ms returns FALSE
T3530 018:948.740 JLINK_IsHalted()
T3530 018:949.620 - 0.880ms returns FALSE
T3530 018:949.644 JLINK_IsHalted()
T3530 018:950.462 - 0.818ms returns FALSE
T2050 019:028.558 JLINK_IsHalted()
T2050 019:029.388 - 0.831ms returns FALSE
T2050 019:029.414 JLINK_IsHalted()
T2050 019:030.300 - 0.887ms returns FALSE
T3530 019:058.752 JLINK_IsHalted()
T3530 019:059.596 - 0.845ms returns FALSE
T3530 019:059.620 JLINK_IsHalted()
T3530 019:060.358 - 0.739ms returns FALSE
T3530 019:167.172 JLINK_IsHalted()
T3530 019:167.974 - 0.802ms returns FALSE
T3530 019:167.992 JLINK_IsHalted()
T3530 019:168.868 - 0.874ms returns FALSE
T3530 019:276.552 JLINK_IsHalted()
T3530 019:277.370 - 0.817ms returns FALSE
T3530 019:277.388 JLINK_IsHalted()
T3530 019:278.242 - 0.854ms returns FALSE
T3530 019:386.262 JLINK_IsHalted()
T3530 019:387.142 - 0.879ms returns FALSE
T3530 019:387.168 JLINK_IsHalted()
T3530 019:387.964 - 0.797ms returns FALSE
T3530 019:494.910 JLINK_IsHalted()
T3530 019:495.780 - 0.869ms returns FALSE
T3530 019:495.804 JLINK_IsHalted()
T3530 019:496.560 - 0.755ms returns FALSE
T3530 019:604.282 JLINK_IsHalted()
T3530 019:605.146 - 0.863ms returns FALSE
T3530 019:605.164 JLINK_IsHalted()
T3530 019:605.992 - 0.826ms returns FALSE
T3530 019:713.666 JLINK_IsHalted()
T3530 019:714.460 - 0.794ms returns FALSE
T3530 019:714.486 JLINK_IsHalted()
T3530 019:715.196 - 0.710ms returns FALSE
T3530 019:823.014 JLINK_IsHalted()
T3530 019:823.808 - 0.793ms returns FALSE
T3530 019:823.828 JLINK_IsHalted()
T3530 019:824.566 - 0.736ms returns FALSE
T3530 019:932.424 JLINK_IsHalted()
T3530 019:933.406 - 0.982ms returns FALSE
T3530 019:933.428 JLINK_IsHalted()
T3530 019:934.196 - 0.770ms returns FALSE
T2050 020:030.300 JLINK_IsHalted()
T2050 020:031.074 - 0.772ms returns FALSE
T2050 020:031.088 JLINK_IsHalted()
T2050 020:031.836 - 0.746ms returns FALSE
T3530 020:042.172 JLINK_IsHalted()
T3530 020:042.970 - 0.796ms returns FALSE
T3530 020:042.992 JLINK_IsHalted()
T3530 020:043.872 - 0.881ms returns FALSE
T3530 020:151.138 JLINK_IsHalted()
T3530 020:151.922 - 0.782ms returns FALSE
T3530 020:151.940 JLINK_IsHalted()
T3530 020:152.640 - 0.699ms returns FALSE
T3530 020:261.316 JLINK_IsHalted()
T3530 020:262.266 - 0.948ms returns FALSE
T3530 020:262.290 JLINK_IsHalted()
T3530 020:263.168 - 0.878ms returns FALSE
T3530 020:370.094 JLINK_IsHalted()
T3530 020:370.960 - 0.865ms returns FALSE
T3530 020:370.972 JLINK_IsHalted()
T3530 020:371.770 - 0.796ms returns FALSE
T3530 020:479.904 JLINK_IsHalted()
T3530 020:480.948 - 1.044ms returns FALSE
T3530 020:480.972 JLINK_IsHalted()
T3530 020:481.816 - 0.842ms returns FALSE
T3530 020:589.404 JLINK_IsHalted()
T3530 020:590.202 - 0.798ms returns FALSE
T3530 020:590.220 JLINK_IsHalted()
T3530 020:591.070 - 0.850ms returns FALSE
T3530 020:698.916 JLINK_IsHalted()
T3530 020:699.836 - 0.916ms returns FALSE
T3530 020:699.852 JLINK_IsHalted()
T3530 020:700.756 - 0.903ms returns FALSE
T3530 020:808.044 JLINK_IsHalted()
T3530 020:808.980 - 0.934ms returns FALSE
T3530 020:808.994 JLINK_IsHalted()
T3530 020:809.924 - 0.930ms returns FALSE
T3530 020:917.408 JLINK_IsHalted()
T3530 020:918.188 - 0.778ms returns FALSE
T3530 020:918.214 JLINK_IsHalted()
T3530 020:919.056 - 0.842ms returns FALSE
T3530 021:027.074 JLINK_IsHalted()
T3530 021:028.068 - 0.993ms returns FALSE
T3530 021:028.080 JLINK_IsHalted()
T3530 021:028.804 - 0.723ms returns FALSE
T2050 021:031.634 JLINK_IsHalted()
T2050 021:032.404 - 0.770ms returns FALSE
T2050 021:032.418 JLINK_IsHalted()
T2050 021:033.130 - 0.710ms returns FALSE
T3530 021:136.024 JLINK_IsHalted()
T3530 021:136.852 - 0.826ms returns FALSE
T3530 021:136.866 JLINK_IsHalted()
T3530 021:137.780 - 0.913ms returns FALSE
T3530 021:245.136 JLINK_IsHalted()
T3530 021:246.116 - 0.979ms returns FALSE
T3530 021:246.136 JLINK_IsHalted()
T3530 021:247.014 - 0.877ms returns FALSE
T3530 021:354.438 JLINK_IsHalted()
T3530 021:355.500 - 1.061ms returns FALSE
T3530 021:355.528 JLINK_IsHalted()
T3530 021:356.384 - 0.854ms returns FALSE
T3530 021:464.190 JLINK_IsHalted()
T3530 021:465.124 - 0.931ms returns FALSE
T3530 021:465.142 JLINK_IsHalted()
T3530 021:466.132 - 0.987ms returns FALSE
T3530 021:573.982 JLINK_IsHalted()
T3530 021:574.876 - 0.894ms returns FALSE
T3530 021:574.896 JLINK_IsHalted()
T3530 021:575.766 - 0.869ms returns FALSE
T3530 021:683.240 JLINK_IsHalted()
T3530 021:684.104 - 0.864ms returns FALSE
T3530 021:684.122 JLINK_IsHalted()
T3530 021:685.044 - 0.920ms returns FALSE
T3530 021:792.392 JLINK_IsHalted()
T3530 021:793.248 - 0.854ms returns FALSE
T3530 021:793.270 JLINK_IsHalted()
T3530 021:794.046 - 0.775ms returns FALSE
T3530 021:902.108 JLINK_IsHalted()
T3530 021:902.916 - 0.807ms returns FALSE
T3530 021:902.940 JLINK_IsHalted()
T3530 021:903.788 - 0.848ms returns FALSE
T3530 022:011.044 JLINK_IsHalted()
T3530 022:012.050 - 1.004ms returns FALSE
T3530 022:012.078 JLINK_IsHalted()
T3530 022:012.948 - 0.870ms returns FALSE
T2050 022:033.356 JLINK_IsHalted()
T2050 022:034.170 - 0.811ms returns FALSE
T2050 022:034.182 JLINK_IsHalted()
T2050 022:035.036 - 0.851ms returns FALSE
T3530 022:120.332 JLINK_IsHalted()
T3530 022:121.200 - 0.866ms returns FALSE
T3530 022:121.220 JLINK_IsHalted()
T3530 022:121.978 - 0.757ms returns FALSE
T3530 022:230.138 JLINK_IsHalted()
T3530 022:231.056 - 0.919ms returns FALSE
T3530 022:231.084 JLINK_IsHalted()
T3530 022:231.902 - 0.820ms returns FALSE
T3530 022:339.314 JLINK_IsHalted()
T3530 022:340.214 - 0.900ms returns FALSE
T3530 022:340.238 JLINK_IsHalted()
T3530 022:341.024 - 0.785ms returns FALSE
T3530 022:448.148 JLINK_IsHalted()
T3530 022:449.044 - 0.897ms returns FALSE
T3530 022:449.068 JLINK_IsHalted()
T3530 022:449.872 - 0.803ms returns FALSE
T3530 022:557.496 JLINK_IsHalted()
T3530 022:558.340 - 0.842ms returns FALSE
T3530 022:558.360 JLINK_IsHalted()
T3530 022:559.176 - 0.815ms returns FALSE
T3530 022:666.838 JLINK_IsHalted()
T3530 022:667.904 - 1.063ms returns FALSE
T3530 022:667.930 JLINK_IsHalted()
T3530 022:668.780 - 0.850ms returns FALSE
T3530 022:776.932 JLINK_IsHalted()
T3530 022:777.862 - 0.929ms returns FALSE
T3530 022:777.874 JLINK_IsHalted()
T3530 022:778.696 - 0.821ms returns FALSE
T3530 022:886.172 JLINK_IsHalted()
T3530 022:887.082 - 0.909ms returns FALSE
T3530 022:887.100 JLINK_IsHalted()
T3530 022:887.930 - 0.829ms returns FALSE
T3530 022:995.076 JLINK_IsHalted()
T3530 022:996.038 - 0.962ms returns FALSE
T3530 022:996.064 JLINK_IsHalted()
T3530 022:996.924 - 0.860ms returns FALSE
T2050 023:035.356 JLINK_IsHalted()
T2050 023:036.164 - 0.807ms returns FALSE
T2050 023:036.176 JLINK_IsHalted()
T2050 023:037.020 - 0.843ms returns FALSE
T3530 023:105.020 JLINK_IsHalted()
T3530 023:105.860 - 0.838ms returns FALSE
T3530 023:105.880 JLINK_IsHalted()
T3530 023:106.598 - 0.717ms returns FALSE
T3530 023:214.208 JLINK_IsHalted()
T3530 023:215.018 - 0.808ms returns FALSE
T3530 023:215.044 JLINK_IsHalted()
T3530 023:215.860 - 0.816ms returns FALSE
T3530 023:323.982 JLINK_IsHalted()
T3530 023:324.826 - 0.842ms returns FALSE
T3530 023:324.850 JLINK_IsHalted()
T3530 023:325.744 - 0.894ms returns FALSE
T3530 023:433.076 JLINK_IsHalted()
T3530 023:434.012 - 0.936ms returns FALSE
T3530 023:434.036 JLINK_IsHalted()
T3530 023:434.916 - 0.879ms returns FALSE
T3530 023:542.310 JLINK_IsHalted()
T3530 023:543.364 - 1.052ms returns FALSE
T3530 023:543.386 JLINK_IsHalted()
T3530 023:544.130 - 0.744ms returns FALSE
T3530 023:651.996 JLINK_IsHalted()
T3530 023:652.820 - 0.823ms returns FALSE
T3530 023:652.846 JLINK_IsHalted()
T3530 023:653.710 - 0.863ms returns FALSE
T3530 023:761.252 JLINK_IsHalted()
T3530 023:762.308 - 1.057ms returns FALSE
T3530 023:762.328 JLINK_IsHalted()
T3530 023:763.138 - 0.809ms returns FALSE
T3530 023:870.352 JLINK_IsHalted()
T3530 023:871.156 - 0.803ms returns FALSE
T3530 023:871.174 JLINK_IsHalted()
T3530 023:872.096 - 0.921ms returns FALSE
T3530 023:980.024 JLINK_IsHalted()
T3530 023:980.902 - 0.876ms returns FALSE
T3530 023:980.922 JLINK_IsHalted()
T3530 023:981.746 - 0.824ms returns FALSE
T2050 024:037.370 JLINK_IsHalted()
T2050 024:038.188 - 0.818ms returns FALSE
T2050 024:038.206 JLINK_IsHalted()
T2050 024:039.052 - 0.846ms returns FALSE
T3530 024:089.194 JLINK_IsHalted()
T3530 024:090.002 - 0.807ms returns FALSE
T3530 024:090.026 JLINK_IsHalted()
T3530 024:090.890 - 0.863ms returns FALSE
T3530 024:198.666 JLINK_IsHalted()
T3530 024:199.626 - 0.960ms returns FALSE
T3530 024:199.636 JLINK_IsHalted()
T3530 024:200.454 - 0.816ms returns FALSE
T3530 024:307.972 JLINK_IsHalted()
T3530 024:308.870 - 0.898ms returns FALSE
T3530 024:308.898 JLINK_IsHalted()
T3530 024:309.712 - 0.815ms returns FALSE
T3530 024:417.560 JLINK_IsHalted()
T3530 024:418.386 - 0.825ms returns FALSE
T3530 024:418.406 JLINK_IsHalted()
T3530 024:419.270 - 0.864ms returns FALSE
T3530 024:526.858 JLINK_IsHalted()
T3530 024:527.828 - 0.969ms returns FALSE
T3530 024:527.852 JLINK_IsHalted()
T3530 024:528.756 - 0.902ms returns FALSE
T3530 024:635.668 JLINK_IsHalted()
T3530 024:636.546 - 0.877ms returns FALSE
T3530 024:636.566 JLINK_IsHalted()
T3530 024:637.314 - 0.745ms returns FALSE
T3530 024:745.716 JLINK_IsHalted()
T3530 024:746.754 - 1.033ms returns FALSE
T3530 024:746.780 JLINK_IsHalted()
T3530 024:747.684 - 0.905ms returns FALSE
T3530 024:854.516 JLINK_IsHalted()
T3530 024:855.434 - 0.918ms returns FALSE
T3530 024:855.452 JLINK_IsHalted()
T3530 024:856.276 - 0.823ms returns FALSE
T3530 024:964.230 JLINK_IsHalted()
T3530 024:965.132 - 0.900ms returns FALSE
T3530 024:965.156 JLINK_IsHalted()
T3530 024:966.030 - 0.875ms returns FALSE
T2050 025:038.948 JLINK_IsHalted()
T2050 025:039.768 - 0.820ms returns FALSE
T2050 025:039.780 JLINK_IsHalted()
T2050 025:040.756 - 0.975ms returns FALSE
T3530 025:073.494 JLINK_IsHalted()
T3530 025:074.372 - 0.878ms returns FALSE
T3530 025:074.386 JLINK_IsHalted()
T3530 025:075.238 - 0.853ms returns FALSE
T3530 025:182.558 JLINK_IsHalted()
T3530 025:183.484 - 0.924ms returns FALSE
T3530 025:183.504 JLINK_IsHalted()
T3530 025:184.388 - 0.883ms returns FALSE
T3530 025:292.268 JLINK_IsHalted()
T3530 025:293.068 - 0.799ms returns FALSE
T3530 025:293.092 JLINK_IsHalted()
T3530 025:293.796 - 0.702ms returns FALSE
T3530 025:401.698 JLINK_IsHalted()
T3530 025:402.542 - 0.843ms returns FALSE
T3530 025:402.564 JLINK_IsHalted()
T3530 025:403.352 - 0.787ms returns FALSE
T3530 025:511.458 JLINK_IsHalted()
T3530 025:512.542 - 1.083ms returns FALSE
T3530 025:512.562 JLINK_IsHalted()
T3530 025:513.350 - 0.787ms returns FALSE
T3530 025:619.930 JLINK_IsHalted()
T3530 025:620.676 - 0.746ms returns FALSE
T3530 025:620.696 JLINK_IsHalted()
T3530 025:621.404 - 0.709ms returns FALSE
T3530 025:729.482 JLINK_IsHalted()
T3530 025:730.446 - 0.964ms returns FALSE
T3530 025:730.470 JLINK_IsHalted()
T3530 025:731.220 - 0.748ms returns FALSE
T3530 025:838.936 JLINK_IsHalted()
T3530 025:839.946 - 1.008ms returns FALSE
T3530 025:839.964 JLINK_IsHalted()
T3530 025:840.692 - 0.728ms returns FALSE
T3530 025:948.418 JLINK_IsHalted()
T3530 025:949.324 - 0.904ms returns FALSE
T3530 025:949.348 JLINK_IsHalted()
T3530 025:950.092 - 0.743ms returns FALSE
T502C 026:497.490 JLINK_Halt()
T502C 026:504.110 - 6.620ms returns 0x00
T502C 026:504.140 JLINK_ReadReg(XPSR)
T502C 026:504.922   CPU_ReadMem(4 bytes @ 0xE000EE08)
T502C 026:505.692 - 1.550ms returns 0x29000000
T502C 026:507.598 JLINK_Close()
T502C 026:522.508 - 14.908ms
T502C 026:522.548   
T502C 026:522.556   Closed
